<?xml version="1.0" encoding="UTF-8"?>
<!-- Generated by org.testng.reporters.JUnitXMLReporter -->
<testsuite hostname="ashleys-mbp.turner.com" name="Regression" tests="200" failures="5" timestamp="22 Feb 2017 18:16:58 GMT" time="106.849" errors="0">
  <testcase name="getTotalDaysInMonth" time="0.05" classname="unitTests.PageClassTests">
    <failure type="java.lang.AssertionError" message="expected:&amp;lt;28&amp;gt; but was:&amp;lt;31&amp;gt;">
      <![CDATA[java.lang.AssertionError: expected:<28> but was:<31>
	at unitTests.PageClassTests.getTotalDaysInMonth(PageClassTests.java:917)
	at java.util.concurrent.ThreadPoolExecutor.runWorker(ThreadPoolExecutor.java:1142)
	at java.util.concurrent.ThreadPoolExecutor$Worker.run(ThreadPoolExecutor.java:617)
	at java.lang.Thread.run(Thread.java:745)
... Removed 15 stack frames]]>
    </failure>
  </testcase>
  <testcase name="failTestIfVariableIsNull_nullVariable" time="0.051" classname="unitTests.PageClassTests"/>
  <testcase name="randomString_enteredLengthLongerThanStringLength" time="0.01" classname="unitTests.PageClassTests"/>
  <testcase name="failTestIfVariableIsNull_notNullVariable" time="0.002" classname="unitTests.PageClassTests"/>
  <testcase name="randomString_Integers" time="0.002" classname="unitTests.PageClassTests"/>
  <testcase name="randomString_CorrectLetters" time="0.002" classname="unitTests.PageClassTests"/>
  <testcase name="randomString_NullString" time="0.002" classname="unitTests.PageClassTests"/>
  <testcase name="randomString_SpecialCharacters" time="0.003" classname="unitTests.PageClassTests"/>
  <testcase name="randomString_enteredLengthSameAsStringLength" time="0.004" classname="unitTests.PageClassTests"/>
  <testcase name="verifyCleanUp" time="0.001" classname="unitTests.PageClassTests"/>
  <testcase name="verifyClickSomeElement_ElementFound" time="0.621" classname="unitTests.PageClassTests"/>
  <testcase name="verifyClickSomeElement_ThrowsException" time="0.522" classname="unitTests.PageClassTests"/>
  <testcase name="randomString_enteredLengthShorterThanStringLength" time="0.002" classname="unitTests.PageClassTests"/>
  <testcase name="verifyEnterAValueIntoATextField_ByValueUndefined" time="1.319" classname="unitTests.PageClassTests"/>
  <testcase name="verifyEnterAValueIntoATextField" time="1.588" classname="unitTests.PageClassTests"/>
  <testcase name="verifyFindOptionInListAndSelectIt_ExceptionThrown" time="0.541" classname="unitTests.PageClassTests"/>
  <testcase name="verifyFindOptionInListAndSelectIt_NoOptionsAvailable_NoJquery" time="0.494" classname="unitTests.PageClassTests"/>
  <testcase name="verifyEnterAValueIntoATextField_ElementDefined" time="1.505" classname="unitTests.PageClassTests"/>
  <testcase name="verifyEnterAValueIntoATextField_NullValue_ElementDefined" time="1.509" classname="unitTests.PageClassTests">
    <failure type="java.lang.AssertionError" message="expected:&amp;lt;true&amp;gt; but was:&amp;lt;false&amp;gt;">
      <![CDATA[java.lang.AssertionError: expected:<true> but was:<false>
	at unitTests.PageClassTests.verifyEnterAValueIntoATextField_NullValue_ElementDefined(PageClassTests.java:731)
	at java.util.concurrent.ThreadPoolExecutor.runWorker(ThreadPoolExecutor.java:1142)
	at java.util.concurrent.ThreadPoolExecutor$Worker.run(ThreadPoolExecutor.java:617)
	at java.lang.Thread.run(Thread.java:745)
... Removed 14 stack frames]]>
    </failure>
  </testcase>
  <testcase name="verifyClickSomeElement_ElementNotFound" time="5.752" classname="unitTests.PageClassTests"/>
  <testcase name="verifyEnterAValueIntoATextField_NullValue" time="1.514" classname="unitTests.PageClassTests"/>
  <testcase name="verifyGetCurrentSplitDate" time="0.002" classname="unitTests.PageClassTests"/>
  <testcase name="verifyFindOptionInLitAndSelectIt_OptionAvailable_NoJquery" time="0.918" classname="unitTests.PageClassTests">
    <failure type="java.lang.AssertionError" message="expected:&amp;lt;true&amp;gt; but was:&amp;lt;false&amp;gt;">
      <![CDATA[java.lang.AssertionError: expected:<true> but was:<false>
	at unitTests.PageClassTests.verifyFindOptionInLitAndSelectIt_OptionAvailable_NoJquery(PageClassTests.java:775)
	at java.util.concurrent.ThreadPoolExecutor.runWorker(ThreadPoolExecutor.java:1142)
	at java.util.concurrent.ThreadPoolExecutor$Worker.run(ThreadPoolExecutor.java:617)
	at java.lang.Thread.run(Thread.java:745)
... Removed 14 stack frames]]>
    </failure>
  </testcase>
  <testcase name="verifyFindOptionInListAndSelectIt_OptionAvailable_Jquery" time="0.885" classname="unitTests.PageClassTests"/>
  <testcase name="verifyRemovingCharacters_doesntContainCharacter" time="0.001" classname="unitTests.PageClassTests"/>
  <testcase name="verifyRemovingCharacters_containsCharacter" time="0.001" classname="unitTests.PageClassTests"/>
  <testcase name="verifyGetFutureDate" time="0.002" classname="unitTests.PageClassTests"/>
  <testcase name="verifyEnterAValueIntoATextField_ElementNotFound" time="5.174" classname="unitTests.PageClassTests"/>
  <testcase name="verifyRemovingCharacters_nullException" time="0.001" classname="unitTests.PageClassTests"/>
  <testcase name="verifyEnterAValueIntoATextField_ElementNotFound_ElementDefined" time="6.433" classname="unitTests.PageClassTests"/>
  <testcase name="verifySomeElementContainsTheExpectedText_ElementDoesNotContainCorrectText" time="0.589" classname="unitTests.PageClassTests"/>
  <testcase name="verifySelectSomeOptionFromNonDropDown_WebElementPredefined_ElementFound" time="1.204" classname="unitTests.PageClassTests"/>
  <testcase name="verifySelectSomeOptionFromNonDropDown_ThrowsException" time="1.519" classname="unitTests.PageClassTests"/>
  <testcase name="verifySelectSomeOptionFromNonDropDown_ElementFound" time="2.839" classname="unitTests.PageClassTests"/>
  <testcase name="verifySomeElementContainsTheExpectedText_NullExpectedValue" time="0.576" classname="unitTests.PageClassTests"/>
  <testcase name="verifySomeElementContainsTheExpectedText_PredefinedWebElement_ElementDoesNotContainCorrectText" time="0.562" classname="unitTests.PageClassTests"/>
  <testcase name="verifySomeElementContainsTheExpectedText_PredefinedWebElement_NullExpectedValue" time="0.58" classname="unitTests.PageClassTests"/>
  <testcase name="verifySomeElementContainsTheExpectedText_PredefinedWebElement_RemoveAllSpacesTrue" time="0.57" classname="unitTests.PageClassTests">
    <failure type="java.lang.AssertionError" message="expected:&amp;lt;true&amp;gt; but was:&amp;lt;false&amp;gt;">
      <![CDATA[java.lang.AssertionError: expected:<true> but was:<false>
	at unitTests.PageClassTests.verifySomeElementContainsTheExpectedText_PredefinedWebElement_RemoveAllSpacesTrue(PageClassTests.java:1159)
	at java.util.concurrent.ThreadPoolExecutor.runWorker(ThreadPoolExecutor.java:1142)
	at java.util.concurrent.ThreadPoolExecutor$Worker.run(ThreadPoolExecutor.java:617)
	at java.lang.Thread.run(Thread.java:745)
... Removed 14 stack frames]]>
    </failure>
  </testcase>
  <testcase name="verifySomeElementContainsTheExpectedText_PredefinedWebElement_RemoveAllSpacesFalse" time="0.565" classname="unitTests.PageClassTests">
    <failure type="java.lang.AssertionError" message="expected:&amp;lt;true&amp;gt; but was:&amp;lt;false&amp;gt;">
      <![CDATA[java.lang.AssertionError: expected:<true> but was:<false>
	at unitTests.PageClassTests.verifySomeElementContainsTheExpectedText_PredefinedWebElement_RemoveAllSpacesFalse(PageClassTests.java:1137)
	at java.util.concurrent.ThreadPoolExecutor.runWorker(ThreadPoolExecutor.java:1142)
	at java.util.concurrent.ThreadPoolExecutor$Worker.run(ThreadPoolExecutor.java:617)
	at java.lang.Thread.run(Thread.java:745)
... Removed 14 stack frames]]>
    </failure>
  </testcase>
  <testcase name="verifySomeElementContainsTheExpectedText_RemoveAllSpacesFalse" time="0.603" classname="unitTests.PageClassTests"/>
  <testcase name="verifySomeElementContainsTheExpectedText_RemoveAllSpacesTrue" time="0.612" classname="unitTests.PageClassTests"/>
  <testcase name="verifySelectSomeOptionFromNonDropDown_WebElementPredefined_ElementNotFound" time="6.331" classname="unitTests.PageClassTests"/>
  <testcase name="verifySomeElementIsNotPresent_ElementPresent" time="0.538" classname="unitTests.PageClassTests"/>
  <testcase name="verifySomeElementIsNotPresent_ExceptionThrown" time="0.51" classname="unitTests.PageClassTests"/>
  <testcase name="verifySomeElementIsPresent_ElementPresent" time="0.539" classname="unitTests.PageClassTests"/>
  <testcase name="verifySubtractDays_DayStartsWith0" time="0.003" classname="unitTests.PageClassTests"/>
  <testcase name="verifySomeElementIsPresent_ExceptionThrown" time="0.517" classname="unitTests.PageClassTests"/>
  <testcase name="verifySubtractDays_IncorrectDateFormat" time="0.002" classname="unitTests.PageClassTests"/>
  <testcase name="verifySelectSomeOptionFromNonDropDown_ElementNotFound" time="10.579" classname="unitTests.PageClassTests"/>
  <testcase name="verifySubtractDays_DayStartsWith1" time="0.002" classname="unitTests.PageClassTests"/>
  <testcase name="verifySomeElementIsNotPresent_ElementNotPresent" time="5.683" classname="unitTests.PageClassTests"/>
  <testcase name="verifyTextFieldIsBlank_TextFieldIsBlank" time="0.532" classname="unitTests.PageClassTests"/>
  <testcase name="verifyTextFieldIsBlank_TextFieldIsNotBlank" time="1.273" classname="unitTests.PageClassTests"/>
  <testcase name="verifyTextInTextField_DoesntContainInvalidChar_RemoveAllSpacesFalse_TextIsNotPresent" time="0.548" classname="unitTests.PageClassTests"/>
  <testcase name="verifyTextFieldIsBlank_ThrowsException" time="0.599" classname="unitTests.PageClassTests"/>
  <testcase name="verifyTextInTextField_DoesntContainInvalidChar_RemoveAllSpacesTrue_TextIsPresent" time="0.563" classname="unitTests.PageClassTests"/>
  <testcase name="verifyTextInTextField_ContainsInvalidChar_RemoveAllSpacesFalse_TextIsPresent" time="1.425" classname="unitTests.PageClassTests"/>
  <testcase name="verifyTheActualValueDoesntContainExpectedValue" time="0.001" classname="unitTests.PageClassTests"/>
  <testcase name="verifyTextInTextField_ExceptionThrown" time="0.554" classname="unitTests.PageClassTests"/>
  <testcase name="verifyTheActualValueDoesntMatchExpectedValue" time="0.002" classname="unitTests.PageClassTests"/>
  <testcase name="verifyTheActualValueNull_contains" time="0.002" classname="unitTests.PageClassTests"/>
  <testcase name="verifyTheActualValueNull_exactMatch" time="0.001" classname="unitTests.PageClassTests"/>
  <testcase name="verifyTheExpectedValueContainsTheActualValue" time="0.001" classname="unitTests.PageClassTests"/>
  <testcase name="verifyTheExpectedValueNull_contains" time="0.002" classname="unitTests.PageClassTests"/>
  <testcase name="verifyTheExpectedValueNull_exactMatch" time="0.002" classname="unitTests.PageClassTests"/>
  <testcase name="verifyTheExpectedValueMatchesTheActualValue" time="0.001" classname="unitTests.PageClassTests"/>
  <testcase name="verifySomeElementIsPresent_ElementNotPresent" time="10.765" classname="unitTests.PageClassTests"/>
  <testcase name="getWebElement_SelectorStringIsNull" time="0.545" classname="unitTests.SeleniumHelperTests"/>
  <testcase name="getWebElement_Name" time="0.607" classname="unitTests.SeleniumHelperTests"/>
  <testcase name="getWebElement_CssSelector" time="0.626" classname="unitTests.SeleniumHelperTests"/>
  <testcase name="getWebElement_ID" time="0.663" classname="unitTests.SeleniumHelperTests"/>
  <testcase name="getWebElement_LinkText" time="0.569" classname="unitTests.SeleniumHelperTests"/>
  <testcase name="getWebElement_Default" time="0.568" classname="unitTests.SeleniumHelperTests"/>
  <testcase name="getWebElement_PartialLinkText" time="0.554" classname="unitTests.SeleniumHelperTests"/>
  <testcase name="getWebElement_ClassName" time="0.547" classname="unitTests.SeleniumHelperTests"/>
  <testcase name="validateEnums" time="0.002" classname="unitTests.SeleniumHelperTests"/>
  <testcase name="getWebElement_TagName" time="0.536" classname="unitTests.SeleniumHelperTests"/>
  <testcase name="getWebElement_Xpath" time="0.67" classname="unitTests.SeleniumHelperTests"/>
  <testcase name="verfifyIsTextDisplayedInSpecifiedElement_PredefinedElement_TextIsNotDisplayed" time="0.592" classname="unitTests.SeleniumHelperTests"/>
  <testcase name="verfifyIsTextDisplayedInSpecifiedElement_PredefinedElement_ThrowsException" time="0.561" classname="unitTests.SeleniumHelperTests"/>
  <testcase name="verfifyIsTextDisplayedInSpecifiedElement_TextIsNotDisplayed" time="0.604" classname="unitTests.SeleniumHelperTests"/>
  <testcase name="verfifyIsTextDisplayedInSpecifiedElement_PredefinedElement_TextIsDisplayed" time="0.631" classname="unitTests.SeleniumHelperTests"/>
  <testcase name="verfifyIsTextDisplayedInSpecifiedElement_TextIsDisplayed" time="0.628" classname="unitTests.SeleniumHelperTests"/>
  <testcase name="verfifyIsTextDisplayedInSpecifiedElement_ThrowsException" time="0.64" classname="unitTests.SeleniumHelperTests"/>
  <testcase name="verifyClear_ExceptionThrown" time="0.053" classname="unitTests.SeleniumHelperTests"/>
  <testcase name="verifyClearAllTextByBackspacing_ExceptionThrown" time="0.073" classname="unitTests.SeleniumHelperTests"/>
  <testcase name="verifyClickViaJQuery_IndexIsNotNull" time="0.77" classname="unitTests.SeleniumHelperTests"/>
  <testcase name="verifyClickViaJQuery_IndexIsNull" time="0.749" classname="unitTests.SeleniumHelperTests"/>
  <testcase name="verifyClickViaJQuery_SelectorStringDoesNotContainChar" time="0.709" classname="unitTests.SeleniumHelperTests"/>
  <testcase name="verifyClear_ElementPreDefined_ExceptionThrown" time="2.018" classname="unitTests.SeleniumHelperTests"/>
  <testcase name="verifyClearAllTextByBackspacing_ElementPredefined_ExceptionThrown" time="2.063" classname="unitTests.SeleniumHelperTests"/>
  <testcase name="verifyClickViaJavascript_CSSSELECTOR" time="0.535" classname="unitTests.SeleniumHelperTests"/>
  <testcase name="verifyClickViaJavascript_CLASSNAME" time="0.566" classname="unitTests.SeleniumHelperTests"/>
  <testcase name="verifyClickViaJavascript_DEFAULT" time="0.537" classname="unitTests.SeleniumHelperTests"/>
  <testcase name="verifyClickViaJavascript_ExceptionThrown" time="0.545" classname="unitTests.SeleniumHelperTests"/>
  <testcase name="verifyClickViaJavascript_TAGNAME" time="0.585" classname="unitTests.SeleniumHelperTests"/>
  <testcase name="verifyClickViaJavascript_NAME" time="0.544" classname="unitTests.SeleniumHelperTests"/>
  <testcase name="verifyClickViaJavascript_ID" time="0.558" classname="unitTests.SeleniumHelperTests"/>
  <testcase name="verifyClick_PredefinedWebElement_ThrowsException" time="1.968" classname="unitTests.SeleniumHelperTests"/>
  <testcase name="verifyClick_ThrowsWebDriverException" time="0.062" classname="unitTests.SeleniumHelperTests"/>
  <testcase name="verifyDoesAttributeContainTheExpectedValue_AttributeContainsValue" time="0.589" classname="unitTests.SeleniumHelperTests"/>
  <testcase name="verifyClick_ThrowsException" time="0.018" classname="unitTests.SeleniumHelperTests"/>
  <testcase name="verifyDoesAttributeContainTheExpectedValue_ExceptionThrown" time="0.567" classname="unitTests.SeleniumHelperTests"/>
  <testcase name="verifyDoesAttributeContainTheExpectedValue_AttributeDoesNotContainValue" time="0.571" classname="unitTests.SeleniumHelperTests"/>
  <testcase name="verifyDoesAttributeContainTheExpectedValue_NullValue" time="0.607" classname="unitTests.SeleniumHelperTests"/>
  <testcase name="verifyDragAndDropElementToAnotherElement_PredefinedElement_ThrowsException" time="0.404" classname="unitTests.SeleniumHelperTests"/>
  <testcase name="verifyDragAndDropElementToAnotherElement" time="2.353" classname="unitTests.SeleniumHelperTests"/>
  <testcase name="verifyDragAndDropElementToAnotherElement_ThrowsException" time="0.395" classname="unitTests.SeleniumHelperTests"/>
  <testcase name="verifyDragAndDropElementToAnotherElement_PredefinedElement" time="2.049" classname="unitTests.SeleniumHelperTests"/>
  <testcase name="verifyDragAndDropElementToAnotherElement_ValuesNotNull" time="2.127" classname="unitTests.SeleniumHelperTests"/>
  <testcase name="verifyDragAndDropElementToAnotherElement_PredefinedElement_ValuesNotNull" time="2.098" classname="unitTests.SeleniumHelperTests"/>
  <testcase name="verifyDragAndDropViaSelenium_ThrowsException" time="1.446" classname="unitTests.SeleniumHelperTests"/>
  <testcase name="verifyFindWebElement" time="0.571" classname="unitTests.SeleniumHelperTests"/>
  <testcase name="verifyFindWebElement_ThrowsException" time="0.579" classname="unitTests.SeleniumHelperTests"/>
  <testcase name="verifyFindWebElements" time="0.564" classname="unitTests.SeleniumHelperTests"/>
  <testcase name="verifyFindWebElements_ThrowsException" time="1.454" classname="unitTests.SeleniumHelperTests"/>
  <testcase name="verifyGetElements_ExceptionThrown" time="0.012" classname="unitTests.SeleniumHelperTests"/>
  <testcase name="verifyGetTextFromWebElement_PreDefinedElement_WebElementIsNull" time="1.015" classname="unitTests.SeleniumHelperTests"/>
  <testcase name="verifyGetTextInTextFieldViaJavascript_ClassName" time="0.547" classname="unitTests.SeleniumHelperTests"/>
  <testcase name="verifyGetTextInTextFieldViaJavascript_CharsInCssSelectorString" time="0.525" classname="unitTests.SeleniumHelperTests"/>
  <testcase name="verifyGetTextInTextFieldViaJavascript_DefaultCase" time="0.548" classname="unitTests.SeleniumHelperTests"/>
  <testcase name="verifyGetTextInTextFieldViaJavascript_Id" time="0.523" classname="unitTests.SeleniumHelperTests"/>
  <testcase name="verifyDragAndDropViaSelenium" time="7.742" classname="unitTests.SeleniumHelperTests"/>
  <testcase name="verifyGetTextInTextFieldViaJavascript_TagName" time="0.534" classname="unitTests.SeleniumHelperTests"/>
  <testcase name="verifyGetWebElementAttribute" time="0.548" classname="unitTests.SeleniumHelperTests"/>
  <testcase name="verifyGetWebElementAttribute_AttributeNotPresent" time="0.665" classname="unitTests.SeleniumHelperTests"/>
  <testcase name="verifyGetTextInTextFieldViaJavascript_Name" time="0.564" classname="unitTests.SeleniumHelperTests"/>
  <testcase name="verifyGetWebElementAttribute_ElementPredefined" time="0.633" classname="unitTests.SeleniumHelperTests"/>
  <testcase name="verifyGetWebElementAttribute_ElementPredefined_AttributeNotPresent" time="0.552" classname="unitTests.SeleniumHelperTests"/>
  <testcase name="verifyGetWebElementAttribute_ExceptionThrown" time="0.581" classname="unitTests.SeleniumHelperTests"/>
  <testcase name="verifyGetWebElementAttribute_ElementPredefined_ExceptionThrown" time="1.65" classname="unitTests.SeleniumHelperTests"/>
  <testcase name="verifyIsAttributePresentInElement_AttributeIsNotPresent" time="0.625" classname="unitTests.SeleniumHelperTests"/>
  <testcase name="verifyIsAnyTextDisplayedInElement_ElementContainsText" time="0.744" classname="unitTests.SeleniumHelperTests"/>
  <testcase name="verifyIsAnyTextDisplayedInElement_ElementDoesntContainText" time="0.812" classname="unitTests.SeleniumHelperTests"/>
  <testcase name="verifyGetWidthOfWebElement" time="0.66" classname="unitTests.SeleniumHelperTests"/>
  <testcase name="verifyIsAttributePresentInElement_AttributeIsPresent" time="0.553" classname="unitTests.SeleniumHelperTests"/>
  <testcase name="verifyIsElementDisplayedInThePage_PreDefinedWebElement_ExcpetionThrown" time="0.001" classname="unitTests.SeleniumHelperTests"/>
  <testcase name="verifyGetWidthOfWebElement_ExceptionThrown" time="0.654" classname="unitTests.SeleniumHelperTests"/>
  <testcase name="verifyIsElementPresent_ElementIsPresent" time="0.647" classname="unitTests.SeleniumHelperTests"/>
  <testcase name="verifyIsAttributePresentInElement_ExcpetionThrown" time="1.599" classname="unitTests.SeleniumHelperTests"/>
  <testcase name="verifyIsElementPresent_ElementIsNotPresent" time="0.549" classname="unitTests.SeleniumHelperTests"/>
  <testcase name="verifyMouseOver" time="0.581" classname="unitTests.SeleniumHelperTests"/>
  <testcase name="verifyMouseOver_ExceptionThrown" time="1.519" classname="unitTests.SeleniumHelperTests"/>
  <testcase name="verifyMoveToElement" time="0.561" classname="unitTests.SeleniumHelperTests"/>
  <testcase name="verifyMoveToElement_ThrowsException" time="0.053" classname="unitTests.SeleniumHelperTests"/>
  <testcase name="verifyNavigateToUrl_ThrowsException" time="0.155" classname="unitTests.SeleniumHelperTests"/>
  <testcase name="verifyOpenANewTab" time="0.514" classname="unitTests.SeleniumHelperTests"/>
  <testcase name="verifyOpenANewTab_ThrowsException" time="0.11" classname="unitTests.SeleniumHelperTests"/>
  <testcase name="verifyRefreshThePage_ThrowsException" time="0.361" classname="unitTests.SeleniumHelperTests"/>
  <testcase name="verifyRefreshThePage" time="0.23" classname="unitTests.SeleniumHelperTests"/>
  <testcase name="verifyNavigateToUrl" time="2.555" classname="unitTests.SeleniumHelperTests"/>
  <testcase name="verifyScrollToBottomOfPage_ThrowsException" time="0.12" classname="unitTests.SeleniumHelperTests"/>
  <testcase name="verifyScrollToElement" time="0.387" classname="unitTests.SeleniumHelperTests"/>
  <testcase name="verifyScrollToBottomOfPage" time="0.623" classname="unitTests.SeleniumHelperTests"/>
  <testcase name="verifyScrollToElement_PredefinedElement" time="0.517" classname="unitTests.SeleniumHelperTests"/>
  <testcase name="verifyScrollToElement_ThrowsException" time="0.539" classname="unitTests.SeleniumHelperTests"/>
  <testcase name="verifySelectOptionFromDropDownMenu" time="0.713" classname="unitTests.SeleniumHelperTests"/>
  <testcase name="verifyScrollToElement_PredefinedElement_ThrowsException" time="1.671" classname="unitTests.SeleniumHelperTests"/>
  <testcase name="verifySelectOptionFromDropDownMenu_ExceptionThrown" time="0.615" classname="unitTests.SeleniumHelperTests"/>
  <testcase name="verifySwitchToDefaultContent" time="0.007" classname="unitTests.SeleniumHelperTests"/>
  <testcase name="verifySendKeys_ExceptionThrown" time="0.052" classname="unitTests.SeleniumHelperTests"/>
  <testcase name="verifySwitchToDefaultContent_ThrowsException" time="0.177" classname="unitTests.SeleniumHelperTests"/>
  <testcase name="verifySendKeys_ElementPreDefined_ExceptionThrown" time="1.896" classname="unitTests.SeleniumHelperTests"/>
  <testcase name="verifySwitchToIFrame" time="0.598" classname="unitTests.SeleniumHelperTests"/>
  <testcase name="verifySwitchToIFrame_PredefinedElement" time="0.584" classname="unitTests.SeleniumHelperTests"/>
  <testcase name="verifySwitchToIFrame_PredefinedElement_ThrowsException" time="1.503" classname="unitTests.SeleniumHelperTests"/>
  <testcase name="verifySwitchToIFrame_ThrowsException" time="0.563" classname="unitTests.SeleniumHelperTests"/>
  <testcase name="verifySwitchToNewWindow_ThrowsException" time="0.354" classname="unitTests.SeleniumHelperTests"/>
  <testcase name="verifyWaitForAttributeToContainACertainValue" time="0.416" classname="unitTests.SeleniumHelperTests"/>
  <testcase name="verifySwitchToNewWindow" time="0.885" classname="unitTests.SeleniumHelperTests"/>
  <testcase name="verifyWaitForAttributeToDisappear" time="0.49" classname="unitTests.SeleniumHelperTests"/>
  <testcase name="verifyWaitForAttributeToDisappear_PredefinedElement" time="0.662" classname="unitTests.SeleniumHelperTests"/>
  <testcase name="verifyWaitForAttributeToContainACertainValue_ExceptionThrown" time="1.732" classname="unitTests.SeleniumHelperTests"/>
  <testcase name="verifyWaitForAttributeToEqualACertainValue" time="0.44" classname="unitTests.SeleniumHelperTests"/>
  <testcase name="verifyWaitForAttributeToDisappear_PredefinedElement_ThrowsException" time="1.424" classname="unitTests.SeleniumHelperTests"/>
  <testcase name="verifyWaitForAttributeToDisappear_ThrowsException" time="1.537" classname="unitTests.SeleniumHelperTests"/>
  <testcase name="verifyWaitForAttributeToEqualACertainValue_PredefinedElement" time="0.408" classname="unitTests.SeleniumHelperTests"/>
  <testcase name="verifyWaitForAttributeToEqualACertainValue_ExceptionThrown" time="1.43" classname="unitTests.SeleniumHelperTests"/>
  <testcase name="verifyWaitForElementToBeClickable" time="0.369" classname="unitTests.SeleniumHelperTests"/>
  <testcase name="verifyWaitForAttributeToEqualACertainValue_PredefinedElement_ExceptionThrown" time="1.187" classname="unitTests.SeleniumHelperTests"/>
  <testcase name="verifyWaitForElementToBeClickable_ThrowsException" time="1.52" classname="unitTests.SeleniumHelperTests"/>
  <testcase name="verifyWaitForElementToBeInvisible" time="0.029" classname="unitTests.SeleniumHelperTests"/>
  <testcase name="verifyWaitForElementToLoad_ExceptionThrown" time="1.095" classname="unitTests.SeleniumHelperTests"/>
  <testcase name="verifyWaitForWindowCount" time="0.004" classname="unitTests.SeleniumHelperTests"/>
  <testcase name="verifyWaitForElementToBeInvisible_ThrowsException" time="1.657" classname="unitTests.SeleniumHelperTests"/>
  <testcase name="verifyWaitForPageLoad" time="0.408" classname="unitTests.SeleniumHelperTests"/>
  <testcase name="verifyWaitForPresenceOfElementLocated" time="0.358" classname="unitTests.SeleniumHelperTests"/>
  <testcase name="verifyWaitForOfElementLocated_ThrowsException" time="1.371" classname="unitTests.SeleniumHelperTests"/>
  <testcase name="verifyWaitForPageLoad_ThrowsException" time="1.404" classname="unitTests.SeleniumHelperTests"/>
  <testcase name="verifyWaitForWindowCount_ThrowsException" time="1.017" classname="unitTests.SeleniumHelperTests"/>
  <testcase name="waitForTextToExistInElement" time="0.349" classname="unitTests.SeleniumHelperTests"/>
  <testcase name="waitForTextToExistInElement_ThrowsException" time="1.385" classname="unitTests.SeleniumHelperTests"/>
  <testcase name="verifyGetTotalPassNumber_TotalFailsEqualsZero" time="0.001" classname="unitTests.UtilsTests"/>
  <testcase name="verifyTotalPassPercentage_TotalPassNotEqualToTotalTestCase" time="0.001" classname="unitTests.UtilsTests"/>
  <testcase name="verifyFrameworkConstants" time="0.001" classname="unitTests.UtilsTests"/>
  <testcase name="verifyTotalPassPercentage_TotalPassEqualToTotalTestCase" time="0.001" classname="unitTests.UtilsTests"/>
  <testcase name="verifyGetTimeStamp" time="0.002" classname="unitTests.UtilsTests"/>
  <testcase name="verifyGetTotalPassNumber_TotalFailsNotZero" time="0.002" classname="unitTests.UtilsTests"/>
  <testcase name="verifyTestSettings" time="0.002" classname="unitTests.UtilsTests"/>
  <testcase name="verifyEncryptAndDecrypt" time="0.09" classname="unitTests.UtilsTests"/>
</testsuite>
