<?xml version="1.0" encoding="UTF-8"?>
<testng-results skipped="0" failed="5" total="200" passed="195">
  <reporter-output>
  </reporter-output>
  <suite name="Suite" duration-ms="106849" started-at="2017-02-22T13:15:11Z" finished-at="2017-02-22T13:16:58Z">
    <groups>
    </groups>
    <test name="Regression" duration-ms="106849" started-at="2017-02-22T13:15:11Z" finished-at="2017-02-22T13:16:58Z">
      <class name="unitTests.SeleniumHelperTests">
        <test-method status="PASS" signature="beforeScenario()[pri:0, instance:unitTests.SeleniumHelperTests@6107165]" name="beforeScenario" is-config="true" duration-ms="3819" started-at="2017-02-22T13:15:48Z" finished-at="2017-02-22T13:15:52Z">
        </test-method>
        <test-method status="PASS" signature="beforeScenario()[pri:0, instance:unitTests.SeleniumHelperTests@6107165]" name="beforeScenario" is-config="true" duration-ms="3405" started-at="2017-02-22T13:15:48Z" finished-at="2017-02-22T13:15:51Z">
        </test-method>
        <test-method status="PASS" signature="beforeScenario()[pri:0, instance:unitTests.SeleniumHelperTests@6107165]" name="beforeScenario" is-config="true" duration-ms="3933" started-at="2017-02-22T13:15:48Z" finished-at="2017-02-22T13:15:52Z">
        </test-method>
        <test-method status="PASS" signature="beforeScenario()[pri:0, instance:unitTests.SeleniumHelperTests@6107165]" name="beforeScenario" is-config="true" duration-ms="3308" started-at="2017-02-22T13:15:48Z" finished-at="2017-02-22T13:15:51Z">
        </test-method>
        <test-method status="PASS" signature="beforeScenario()[pri:0, instance:unitTests.SeleniumHelperTests@6107165]" name="beforeScenario" is-config="true" duration-ms="3136" started-at="2017-02-22T13:15:48Z" finished-at="2017-02-22T13:15:51Z">
        </test-method>
        <test-method status="PASS" signature="beforeScenario()[pri:0, instance:unitTests.SeleniumHelperTests@6107165]" name="beforeScenario" is-config="true" duration-ms="3868" started-at="2017-02-22T13:15:48Z" finished-at="2017-02-22T13:15:52Z">
        </test-method>
        <test-method status="PASS" signature="beforeScenario()[pri:0, instance:unitTests.SeleniumHelperTests@6107165]" name="beforeScenario" is-config="true" duration-ms="3068" started-at="2017-02-22T13:15:48Z" finished-at="2017-02-22T13:15:51Z">
        </test-method>
        <test-method status="PASS" signature="beforeScenario()[pri:0, instance:unitTests.SeleniumHelperTests@6107165]" name="beforeScenario" is-config="true" duration-ms="2912" started-at="2017-02-22T13:15:48Z" finished-at="2017-02-22T13:15:51Z">
        </test-method>
        <test-method status="PASS" signature="getWebElement_SelectorStringIsNull()[pri:0, instance:unitTests.SeleniumHelperTests@6107165]" name="getWebElement_SelectorStringIsNull" duration-ms="545" started-at="2017-02-22T13:15:51Z" finished-at="2017-02-22T13:15:51Z">
          <exception class="java.lang.IllegalArgumentException">
            <message>
              <![CDATA[Cannot find elements with a null id attribute.]]>
            </message>
            <full-stacktrace>
              <![CDATA[java.lang.IllegalArgumentException: Cannot find elements with a null id attribute.
	at org.openqa.selenium.By.id(By.java:53)
	at seleniumHelper.seleniumHelper.SeleniumHelper.getByValue(SeleniumHelper.java:64)
	at seleniumHelper.seleniumHelper.SeleniumHelper.getByValueBasedOnUserInput(SeleniumHelper.java:104)
	at seleniumHelper.seleniumHelper.SeleniumHelper.getElement(SeleniumHelper.java:243)
	at unitTests.SeleniumHelperTests.getWebElement_SelectorStringIsNull(SeleniumHelperTests.java:384)
	at sun.reflect.NativeMethodAccessorImpl.invoke0(Native Method)
	at sun.reflect.NativeMethodAccessorImpl.invoke(NativeMethodAccessorImpl.java:62)
	at sun.reflect.DelegatingMethodAccessorImpl.invoke(DelegatingMethodAccessorImpl.java:43)
	at java.lang.reflect.Method.invoke(Method.java:498)
	at org.testng.internal.MethodInvocationHelper.invokeMethod(MethodInvocationHelper.java:80)
	at org.testng.internal.Invoker.invokeMethod(Invoker.java:691)
	at org.testng.internal.Invoker.invokeTestMethod(Invoker.java:883)
	at org.testng.internal.Invoker.invokeTestMethods(Invoker.java:1208)
	at org.testng.internal.TestMethodWorker.invokeTestMethods(TestMethodWorker.java:127)
	at org.testng.internal.TestMethodWorker.run(TestMethodWorker.java:111)
	at java.util.concurrent.ThreadPoolExecutor.runWorker(ThreadPoolExecutor.java:1142)
	at java.util.concurrent.ThreadPoolExecutor$Worker.run(ThreadPoolExecutor.java:617)
	at java.lang.Thread.run(Thread.java:745)
]]>
            </full-stacktrace>
          </exception>
        </test-method>
        <test-method status="PASS" signature="getWebElement_Name()[pri:0, instance:unitTests.SeleniumHelperTests@6107165]" name="getWebElement_Name" duration-ms="607" started-at="2017-02-22T13:15:51Z" finished-at="2017-02-22T13:15:52Z">
        </test-method>
        <test-method status="PASS" signature="getWebElement_CssSelector()[pri:0, instance:unitTests.SeleniumHelperTests@6107165]" name="getWebElement_CssSelector" duration-ms="626" started-at="2017-02-22T13:15:51Z" finished-at="2017-02-22T13:15:52Z">
        </test-method>
        <test-method status="PASS" signature="getWebElement_ID()[pri:0, instance:unitTests.SeleniumHelperTests@6107165]" name="getWebElement_ID" duration-ms="663" started-at="2017-02-22T13:15:51Z" finished-at="2017-02-22T13:15:52Z">
        </test-method>
        <test-method status="PASS" signature="getWebElement_LinkText()[pri:0, instance:unitTests.SeleniumHelperTests@6107165]" name="getWebElement_LinkText" duration-ms="569" started-at="2017-02-22T13:15:51Z" finished-at="2017-02-22T13:15:52Z">
        </test-method>
        <test-method status="PASS" signature="afterScenario()[pri:0, instance:unitTests.SeleniumHelperTests@6107165]" name="afterScenario" is-config="true" duration-ms="73" started-at="2017-02-22T13:15:51Z" finished-at="2017-02-22T13:15:52Z">
        </test-method>
        <test-method status="PASS" signature="beforeScenario()[pri:0, instance:unitTests.SeleniumHelperTests@6107165]" name="beforeScenario" is-config="true" duration-ms="3034" started-at="2017-02-22T13:15:52Z" finished-at="2017-02-22T13:15:55Z">
        </test-method>
        <test-method status="PASS" signature="afterScenario()[pri:0, instance:unitTests.SeleniumHelperTests@6107165]" name="afterScenario" is-config="true" duration-ms="74" started-at="2017-02-22T13:15:52Z" finished-at="2017-02-22T13:15:52Z">
        </test-method>
        <test-method status="PASS" signature="beforeScenario()[pri:0, instance:unitTests.SeleniumHelperTests@6107165]" name="beforeScenario" is-config="true" duration-ms="3049" started-at="2017-02-22T13:15:52Z" finished-at="2017-02-22T13:15:55Z">
        </test-method>
        <test-method status="PASS" signature="afterScenario()[pri:0, instance:unitTests.SeleniumHelperTests@6107165]" name="afterScenario" is-config="true" duration-ms="75" started-at="2017-02-22T13:15:52Z" finished-at="2017-02-22T13:15:52Z">
        </test-method>
        <test-method status="PASS" signature="getWebElement_Default()[pri:0, instance:unitTests.SeleniumHelperTests@6107165]" name="getWebElement_Default" duration-ms="568" started-at="2017-02-22T13:15:52Z" finished-at="2017-02-22T13:15:52Z">
        </test-method>
        <test-method status="PASS" signature="beforeScenario()[pri:0, instance:unitTests.SeleniumHelperTests@6107165]" name="beforeScenario" is-config="true" duration-ms="2891" started-at="2017-02-22T13:15:52Z" finished-at="2017-02-22T13:15:55Z">
        </test-method>
        <test-method status="PASS" signature="getWebElement_PartialLinkText()[pri:0, instance:unitTests.SeleniumHelperTests@6107165]" name="getWebElement_PartialLinkText" duration-ms="554" started-at="2017-02-22T13:15:52Z" finished-at="2017-02-22T13:15:52Z">
        </test-method>
        <test-method status="PASS" signature="getWebElement_ClassName()[pri:0, instance:unitTests.SeleniumHelperTests@6107165]" name="getWebElement_ClassName" duration-ms="547" started-at="2017-02-22T13:15:52Z" finished-at="2017-02-22T13:15:52Z">
        </test-method>
        <test-method status="PASS" signature="afterScenario()[pri:0, instance:unitTests.SeleniumHelperTests@6107165]" name="afterScenario" is-config="true" duration-ms="76" started-at="2017-02-22T13:15:52Z" finished-at="2017-02-22T13:15:52Z">
        </test-method>
        <test-method status="PASS" signature="afterScenario()[pri:0, instance:unitTests.SeleniumHelperTests@6107165]" name="afterScenario" is-config="true" duration-ms="76" started-at="2017-02-22T13:15:52Z" finished-at="2017-02-22T13:15:52Z">
        </test-method>
        <test-method status="PASS" signature="beforeScenario()[pri:0, instance:unitTests.SeleniumHelperTests@6107165]" name="beforeScenario" is-config="true" duration-ms="3713" started-at="2017-02-22T13:15:52Z" finished-at="2017-02-22T13:15:56Z">
        </test-method>
        <test-method status="PASS" signature="beforeScenario()[pri:0, instance:unitTests.SeleniumHelperTests@6107165]" name="beforeScenario" is-config="true" duration-ms="3572" started-at="2017-02-22T13:15:52Z" finished-at="2017-02-22T13:15:56Z">
        </test-method>
        <test-method status="PASS" signature="afterScenario()[pri:0, instance:unitTests.SeleniumHelperTests@6107165]" name="afterScenario" is-config="true" duration-ms="82" started-at="2017-02-22T13:15:52Z" finished-at="2017-02-22T13:15:52Z">
        </test-method>
        <test-method status="PASS" signature="afterScenario()[pri:0, instance:unitTests.SeleniumHelperTests@6107165]" name="afterScenario" is-config="true" duration-ms="76" started-at="2017-02-22T13:15:52Z" finished-at="2017-02-22T13:15:52Z">
        </test-method>
        <test-method status="PASS" signature="beforeScenario()[pri:0, instance:unitTests.SeleniumHelperTests@6107165]" name="beforeScenario" is-config="true" duration-ms="3184" started-at="2017-02-22T13:15:52Z" finished-at="2017-02-22T13:15:56Z">
        </test-method>
        <test-method status="PASS" signature="afterScenario()[pri:0, instance:unitTests.SeleniumHelperTests@6107165]" name="afterScenario" is-config="true" duration-ms="74" started-at="2017-02-22T13:15:52Z" finished-at="2017-02-22T13:15:53Z">
        </test-method>
        <test-method status="PASS" signature="beforeScenario()[pri:0, instance:unitTests.SeleniumHelperTests@6107165]" name="beforeScenario" is-config="true" duration-ms="4346" started-at="2017-02-22T13:15:52Z" finished-at="2017-02-22T13:15:57Z">
        </test-method>
        <test-method status="PASS" signature="beforeScenario()[pri:0, instance:unitTests.SeleniumHelperTests@6107165]" name="beforeScenario" is-config="true" duration-ms="3209" started-at="2017-02-22T13:15:53Z" finished-at="2017-02-22T13:15:56Z">
        </test-method>
        <test-method status="PASS" signature="getWebElement_TagName()[pri:0, instance:unitTests.SeleniumHelperTests@6107165]" name="getWebElement_TagName" duration-ms="536" started-at="2017-02-22T13:15:55Z" finished-at="2017-02-22T13:15:55Z">
        </test-method>
        <test-method status="PASS" signature="validateEnums()[pri:0, instance:unitTests.SeleniumHelperTests@6107165]" name="validateEnums" duration-ms="2" started-at="2017-02-22T13:15:55Z" finished-at="2017-02-22T13:15:55Z">
        </test-method>
        <test-method status="PASS" signature="afterScenario()[pri:0, instance:unitTests.SeleniumHelperTests@6107165]" name="afterScenario" is-config="true" duration-ms="75" started-at="2017-02-22T13:15:55Z" finished-at="2017-02-22T13:15:55Z">
        </test-method>
        <test-method status="PASS" signature="getWebElement_Xpath()[pri:0, instance:unitTests.SeleniumHelperTests@6107165]" name="getWebElement_Xpath" duration-ms="670" started-at="2017-02-22T13:15:55Z" finished-at="2017-02-22T13:15:55Z">
        </test-method>
        <test-method status="PASS" signature="beforeScenario()[pri:0, instance:unitTests.SeleniumHelperTests@6107165]" name="beforeScenario" is-config="true" duration-ms="4014" started-at="2017-02-22T13:15:55Z" finished-at="2017-02-22T13:15:59Z">
        </test-method>
        <test-method status="PASS" signature="afterScenario()[pri:0, instance:unitTests.SeleniumHelperTests@6107165]" name="afterScenario" is-config="true" duration-ms="73" started-at="2017-02-22T13:15:55Z" finished-at="2017-02-22T13:15:55Z">
        </test-method>
        <test-method status="PASS" signature="beforeScenario()[pri:0, instance:unitTests.SeleniumHelperTests@6107165]" name="beforeScenario" is-config="true" duration-ms="4644" started-at="2017-02-22T13:15:55Z" finished-at="2017-02-22T13:16:00Z">
        </test-method>
        <test-method status="PASS" signature="afterScenario()[pri:0, instance:unitTests.SeleniumHelperTests@6107165]" name="afterScenario" is-config="true" duration-ms="76" started-at="2017-02-22T13:15:55Z" finished-at="2017-02-22T13:15:56Z">
        </test-method>
        <test-method status="PASS" signature="beforeScenario()[pri:0, instance:unitTests.SeleniumHelperTests@6107165]" name="beforeScenario" is-config="true" duration-ms="4481" started-at="2017-02-22T13:15:56Z" finished-at="2017-02-22T13:16:00Z">
        </test-method>
        <test-method status="PASS" signature="verfifyIsTextDisplayedInSpecifiedElement_PredefinedElement_TextIsNotDisplayed()[pri:0, instance:unitTests.SeleniumHelperTests@6107165]" name="verfifyIsTextDisplayedInSpecifiedElement_PredefinedElement_TextIsNotDisplayed" duration-ms="592" started-at="2017-02-22T13:15:56Z" finished-at="2017-02-22T13:15:56Z">
        </test-method>
        <test-method status="PASS" signature="verfifyIsTextDisplayedInSpecifiedElement_PredefinedElement_ThrowsException()[pri:0, instance:unitTests.SeleniumHelperTests@6107165]" name="verfifyIsTextDisplayedInSpecifiedElement_PredefinedElement_ThrowsException" duration-ms="561" started-at="2017-02-22T13:15:56Z" finished-at="2017-02-22T13:15:56Z">
          <exception class="java.lang.NullPointerException">
            <full-stacktrace>
              <![CDATA[java.lang.NullPointerException
	at java.lang.String.contains(String.java:2133)
	at seleniumHelper.seleniumHelper.SeleniumHelper.isTextDisplayedInSpecifiedElement(SeleniumHelper.java:594)
	at unitTests.SeleniumHelperTests.verfifyIsTextDisplayedInSpecifiedElement_PredefinedElement_ThrowsException(SeleniumHelperTests.java:747)
	at sun.reflect.NativeMethodAccessorImpl.invoke0(Native Method)
	at sun.reflect.NativeMethodAccessorImpl.invoke(NativeMethodAccessorImpl.java:62)
	at sun.reflect.DelegatingMethodAccessorImpl.invoke(DelegatingMethodAccessorImpl.java:43)
	at java.lang.reflect.Method.invoke(Method.java:498)
	at org.testng.internal.MethodInvocationHelper.invokeMethod(MethodInvocationHelper.java:80)
	at org.testng.internal.Invoker.invokeMethod(Invoker.java:691)
	at org.testng.internal.Invoker.invokeTestMethod(Invoker.java:883)
	at org.testng.internal.Invoker.invokeTestMethods(Invoker.java:1208)
	at org.testng.internal.TestMethodWorker.invokeTestMethods(TestMethodWorker.java:127)
	at org.testng.internal.TestMethodWorker.run(TestMethodWorker.java:111)
	at java.util.concurrent.ThreadPoolExecutor.runWorker(ThreadPoolExecutor.java:1142)
	at java.util.concurrent.ThreadPoolExecutor$Worker.run(ThreadPoolExecutor.java:617)
	at java.lang.Thread.run(Thread.java:745)
]]>
            </full-stacktrace>
          </exception>
        </test-method>
        <test-method status="PASS" signature="verfifyIsTextDisplayedInSpecifiedElement_PredefinedElement_TextIsDisplayed()[pri:0, instance:unitTests.SeleniumHelperTests@6107165]" name="verfifyIsTextDisplayedInSpecifiedElement_PredefinedElement_TextIsDisplayed" duration-ms="631" started-at="2017-02-22T13:15:56Z" finished-at="2017-02-22T13:15:56Z">
        </test-method>
        <test-method status="PASS" signature="verfifyIsTextDisplayedInSpecifiedElement_TextIsNotDisplayed()[pri:0, instance:unitTests.SeleniumHelperTests@6107165]" name="verfifyIsTextDisplayedInSpecifiedElement_TextIsNotDisplayed" duration-ms="604" started-at="2017-02-22T13:15:56Z" finished-at="2017-02-22T13:15:56Z">
        </test-method>
        <test-method status="PASS" signature="afterScenario()[pri:0, instance:unitTests.SeleniumHelperTests@6107165]" name="afterScenario" is-config="true" duration-ms="80" started-at="2017-02-22T13:15:56Z" finished-at="2017-02-22T13:15:56Z">
        </test-method>
        <test-method status="PASS" signature="afterScenario()[pri:0, instance:unitTests.SeleniumHelperTests@6107165]" name="afterScenario" is-config="true" duration-ms="77" started-at="2017-02-22T13:15:56Z" finished-at="2017-02-22T13:15:56Z">
        </test-method>
        <test-method status="PASS" signature="beforeScenario()[pri:0, instance:unitTests.SeleniumHelperTests@6107165]" name="beforeScenario" is-config="true" duration-ms="3463" started-at="2017-02-22T13:15:56Z" finished-at="2017-02-22T13:16:00Z">
        </test-method>
        <test-method status="PASS" signature="beforeScenario()[pri:0, instance:unitTests.SeleniumHelperTests@6107165]" name="beforeScenario" is-config="true" duration-ms="3242" started-at="2017-02-22T13:15:56Z" finished-at="2017-02-22T13:16:00Z">
        </test-method>
        <test-method status="PASS" signature="afterScenario()[pri:0, instance:unitTests.SeleniumHelperTests@6107165]" name="afterScenario" is-config="true" duration-ms="76" started-at="2017-02-22T13:15:56Z" finished-at="2017-02-22T13:15:56Z">
        </test-method>
        <test-method status="PASS" signature="afterScenario()[pri:0, instance:unitTests.SeleniumHelperTests@6107165]" name="afterScenario" is-config="true" duration-ms="75" started-at="2017-02-22T13:15:56Z" finished-at="2017-02-22T13:15:56Z">
        </test-method>
        <test-method status="PASS" signature="beforeScenario()[pri:0, instance:unitTests.SeleniumHelperTests@6107165]" name="beforeScenario" is-config="true" duration-ms="3173" started-at="2017-02-22T13:15:56Z" finished-at="2017-02-22T13:16:00Z">
        </test-method>
        <test-method status="PASS" signature="beforeScenario()[pri:0, instance:unitTests.SeleniumHelperTests@6107165]" name="beforeScenario" is-config="true" duration-ms="4058" started-at="2017-02-22T13:15:56Z" finished-at="2017-02-22T13:16:01Z">
        </test-method>
        <test-method status="PASS" signature="verfifyIsTextDisplayedInSpecifiedElement_TextIsDisplayed()[pri:0, instance:unitTests.SeleniumHelperTests@6107165]" name="verfifyIsTextDisplayedInSpecifiedElement_TextIsDisplayed" duration-ms="628" started-at="2017-02-22T13:15:57Z" finished-at="2017-02-22T13:15:57Z">
        </test-method>
        <test-method status="PASS" signature="afterScenario()[pri:0, instance:unitTests.SeleniumHelperTests@6107165]" name="afterScenario" is-config="true" duration-ms="230" started-at="2017-02-22T13:15:57Z" finished-at="2017-02-22T13:15:58Z">
        </test-method>
        <test-method status="PASS" signature="beforeScenario()[pri:0, instance:unitTests.SeleniumHelperTests@6107165]" name="beforeScenario" is-config="true" duration-ms="3061" started-at="2017-02-22T13:15:58Z" finished-at="2017-02-22T13:16:01Z">
        </test-method>
        <test-method status="PASS" signature="verfifyIsTextDisplayedInSpecifiedElement_ThrowsException()[pri:0, instance:unitTests.SeleniumHelperTests@6107165]" name="verfifyIsTextDisplayedInSpecifiedElement_ThrowsException" duration-ms="640" started-at="2017-02-22T13:15:59Z" finished-at="2017-02-22T13:15:59Z">
          <exception class="java.lang.NullPointerException">
            <full-stacktrace>
              <![CDATA[java.lang.NullPointerException
	at seleniumHelper.seleniumHelper.SeleniumHelper.isTextDisplayedInSpecifiedElement(SeleniumHelper.java:567)
	at unitTests.SeleniumHelperTests.verfifyIsTextDisplayedInSpecifiedElement_ThrowsException(SeleniumHelperTests.java:713)
	at sun.reflect.NativeMethodAccessorImpl.invoke0(Native Method)
	at sun.reflect.NativeMethodAccessorImpl.invoke(NativeMethodAccessorImpl.java:62)
	at sun.reflect.DelegatingMethodAccessorImpl.invoke(DelegatingMethodAccessorImpl.java:43)
	at java.lang.reflect.Method.invoke(Method.java:498)
	at org.testng.internal.MethodInvocationHelper.invokeMethod(MethodInvocationHelper.java:80)
	at org.testng.internal.Invoker.invokeMethod(Invoker.java:691)
	at org.testng.internal.Invoker.invokeTestMethod(Invoker.java:883)
	at org.testng.internal.Invoker.invokeTestMethods(Invoker.java:1208)
	at org.testng.internal.TestMethodWorker.invokeTestMethods(TestMethodWorker.java:127)
	at org.testng.internal.TestMethodWorker.run(TestMethodWorker.java:111)
	at java.util.concurrent.ThreadPoolExecutor.runWorker(ThreadPoolExecutor.java:1142)
	at java.util.concurrent.ThreadPoolExecutor$Worker.run(ThreadPoolExecutor.java:617)
	at java.lang.Thread.run(Thread.java:745)
]]>
            </full-stacktrace>
          </exception>
        </test-method>
        <test-method status="PASS" signature="afterScenario()[pri:0, instance:unitTests.SeleniumHelperTests@6107165]" name="afterScenario" is-config="true" duration-ms="72" started-at="2017-02-22T13:15:59Z" finished-at="2017-02-22T13:16:00Z">
        </test-method>
        <test-method status="PASS" signature="beforeScenario()[pri:0, instance:unitTests.SeleniumHelperTests@6107165]" name="beforeScenario" is-config="true" duration-ms="4181" started-at="2017-02-22T13:16:00Z" finished-at="2017-02-22T13:16:04Z">
        </test-method>
        <test-method status="PASS" signature="verifyClear_ExceptionThrown()[pri:0, instance:unitTests.SeleniumHelperTests@6107165]" name="verifyClear_ExceptionThrown" duration-ms="53" started-at="2017-02-22T13:16:00Z" finished-at="2017-02-22T13:16:00Z">
          <exception class="org.openqa.selenium.NoSuchElementException">
            <message>
              <![CDATA[no such element: Unable to locate element: {"method":"css selector","selector":"#Ha"}
  (Session info: chrome=56.0.2924.87)
  (Driver info: chromedriver=2.24.417412 (ac882d3ce7c0d99292439bf3405780058fcca0a6),platform=Mac OS X 10.12.3 x86_64) (WARNING: The server did not provide any stacktrace information)
Command duration or timeout: 35 milliseconds
For documentation on this error, please visit: http://seleniumhq.org/exceptions/no_such_element.html
Build info: version: '2.53.1', revision: 'a36b8b1cd5757287168e54b817830adce9b0158d', time: '2016-06-30 19:26:09'
System info: host: 'ashleys-mbp.turner.com', ip: '10.0.226.126', os.name: 'Mac OS X', os.arch: 'x86_64', os.version: '10.12.3', java.version: '1.8.0_101'
Driver info: org.openqa.selenium.chrome.ChromeDriver
Capabilities [{applicationCacheEnabled=false, rotatable=false, mobileEmulationEnabled=false, networkConnectionEnabled=false, chrome={chromedriverVersion=2.24.417412 (ac882d3ce7c0d99292439bf3405780058fcca0a6), userDataDir=/var/folders/bz/wgk5xb716j73jwmmn_1bpq8c0000gn/T/.org.chromium.Chromium.Q4ftrB}, takesHeapSnapshot=true, pageLoadStrategy=normal, databaseEnabled=false, handlesAlerts=true, hasTouchScreen=false, version=56.0.2924.87, platform=MAC, browserConnectionEnabled=false, nativeEvents=true, acceptSslCerts=true, locationContextEnabled=true, webStorageEnabled=true, browserName=chrome, takesScreenshot=true, javascriptEnabled=true, cssSelectorsEnabled=true}]
Session ID: e268e570c399d240af9b0518f5f0264d
*** Element info: {Using=css selector, value=#Ha}]]>
            </message>
            <full-stacktrace>
              <![CDATA[org.openqa.selenium.NoSuchElementException: no such element: Unable to locate element: {"method":"css selector","selector":"#Ha"}
  (Session info: chrome=56.0.2924.87)
  (Driver info: chromedriver=2.24.417412 (ac882d3ce7c0d99292439bf3405780058fcca0a6),platform=Mac OS X 10.12.3 x86_64) (WARNING: The server did not provide any stacktrace information)
Command duration or timeout: 35 milliseconds
For documentation on this error, please visit: http://seleniumhq.org/exceptions/no_such_element.html
Build info: version: '2.53.1', revision: 'a36b8b1cd5757287168e54b817830adce9b0158d', time: '2016-06-30 19:26:09'
System info: host: 'ashleys-mbp.turner.com', ip: '10.0.226.126', os.name: 'Mac OS X', os.arch: 'x86_64', os.version: '10.12.3', java.version: '1.8.0_101'
Driver info: org.openqa.selenium.chrome.ChromeDriver
Capabilities [{applicationCacheEnabled=false, rotatable=false, mobileEmulationEnabled=false, networkConnectionEnabled=false, chrome={chromedriverVersion=2.24.417412 (ac882d3ce7c0d99292439bf3405780058fcca0a6), userDataDir=/var/folders/bz/wgk5xb716j73jwmmn_1bpq8c0000gn/T/.org.chromium.Chromium.Q4ftrB}, takesHeapSnapshot=true, pageLoadStrategy=normal, databaseEnabled=false, handlesAlerts=true, hasTouchScreen=false, version=56.0.2924.87, platform=MAC, browserConnectionEnabled=false, nativeEvents=true, acceptSslCerts=true, locationContextEnabled=true, webStorageEnabled=true, browserName=chrome, takesScreenshot=true, javascriptEnabled=true, cssSelectorsEnabled=true}]
Session ID: e268e570c399d240af9b0518f5f0264d
*** Element info: {Using=css selector, value=#Ha}
	at sun.reflect.GeneratedConstructorAccessor11.newInstance(Unknown Source)
	at sun.reflect.DelegatingConstructorAccessorImpl.newInstance(DelegatingConstructorAccessorImpl.java:45)
	at java.lang.reflect.Constructor.newInstance(Constructor.java:423)
	at org.openqa.selenium.remote.ErrorHandler.createThrowable(ErrorHandler.java:206)
	at org.openqa.selenium.remote.ErrorHandler.throwIfResponseFailed(ErrorHandler.java:158)
	at org.openqa.selenium.remote.RemoteWebDriver.execute(RemoteWebDriver.java:678)
	at org.openqa.selenium.remote.RemoteWebDriver.findElement(RemoteWebDriver.java:363)
	at org.openqa.selenium.remote.RemoteWebDriver.findElementByCssSelector(RemoteWebDriver.java:492)
	at org.openqa.selenium.By$ByCssSelector.findElement(By.java:430)
	at org.openqa.selenium.remote.RemoteWebDriver.findElement(RemoteWebDriver.java:355)
	at seleniumHelper.seleniumHelper.SeleniumHelper.getElement(SeleniumHelper.java:243)
	at seleniumHelper.seleniumHelper.SeleniumHelper.clear(SeleniumHelper.java:485)
	at unitTests.SeleniumHelperTests.verifyClear_ExceptionThrown(SeleniumHelperTests.java:144)
	at sun.reflect.NativeMethodAccessorImpl.invoke0(Native Method)
	at sun.reflect.NativeMethodAccessorImpl.invoke(NativeMethodAccessorImpl.java:62)
	at sun.reflect.DelegatingMethodAccessorImpl.invoke(DelegatingMethodAccessorImpl.java:43)
	at java.lang.reflect.Method.invoke(Method.java:498)
	at org.testng.internal.MethodInvocationHelper.invokeMethod(MethodInvocationHelper.java:80)
	at org.testng.internal.Invoker.invokeMethod(Invoker.java:691)
	at org.testng.internal.Invoker.invokeTestMethod(Invoker.java:883)
	at org.testng.internal.Invoker.invokeTestMethods(Invoker.java:1208)
	at org.testng.internal.TestMethodWorker.invokeTestMethods(TestMethodWorker.java:127)
	at org.testng.internal.TestMethodWorker.run(TestMethodWorker.java:111)
	at java.util.concurrent.ThreadPoolExecutor.runWorker(ThreadPoolExecutor.java:1142)
	at java.util.concurrent.ThreadPoolExecutor$Worker.run(ThreadPoolExecutor.java:617)
	at java.lang.Thread.run(Thread.java:745)
]]>
            </full-stacktrace>
          </exception>
        </test-method>
        <test-method status="PASS" signature="afterScenario()[pri:0, instance:unitTests.SeleniumHelperTests@6107165]" name="afterScenario" is-config="true" duration-ms="73" started-at="2017-02-22T13:16:00Z" finished-at="2017-02-22T13:16:00Z">
        </test-method>
        <test-method status="PASS" signature="verifyClickViaJQuery_IndexIsNotNull()[pri:0, instance:unitTests.SeleniumHelperTests@6107165]" name="verifyClickViaJQuery_IndexIsNotNull" duration-ms="770" started-at="2017-02-22T13:16:00Z" finished-at="2017-02-22T13:16:00Z">
        </test-method>
        <test-method status="PASS" signature="beforeScenario()[pri:0, instance:unitTests.SeleniumHelperTests@6107165]" name="beforeScenario" is-config="true" duration-ms="4049" started-at="2017-02-22T13:16:00Z" finished-at="2017-02-22T13:16:04Z">
        </test-method>
        <test-method status="PASS" signature="verifyClear_ElementPreDefined_ExceptionThrown()[pri:0, instance:unitTests.SeleniumHelperTests@6107165]" name="verifyClear_ElementPreDefined_ExceptionThrown" duration-ms="2018" started-at="2017-02-22T13:16:00Z" finished-at="2017-02-22T13:16:02Z">
          <exception class="org.openqa.selenium.StaleElementReferenceException">
            <message>
              <![CDATA[stale element reference: element is not attached to the page document
  (Session info: chrome=56.0.2924.87)
  (Driver info: chromedriver=2.24.417412 (ac882d3ce7c0d99292439bf3405780058fcca0a6),platform=Mac OS X 10.12.3 x86_64) (WARNING: The server did not provide any stacktrace information)
Command duration or timeout: 256 milliseconds
For documentation on this error, please visit: http://seleniumhq.org/exceptions/stale_element_reference.html
Build info: version: '2.53.1', revision: 'a36b8b1cd5757287168e54b817830adce9b0158d', time: '2016-06-30 19:26:09'
System info: host: 'ashleys-mbp.turner.com', ip: '10.0.226.126', os.name: 'Mac OS X', os.arch: 'x86_64', os.version: '10.12.3', java.version: '1.8.0_101'
Driver info: org.openqa.selenium.chrome.ChromeDriver
Capabilities [{applicationCacheEnabled=false, rotatable=false, mobileEmulationEnabled=false, networkConnectionEnabled=false, chrome={chromedriverVersion=2.24.417412 (ac882d3ce7c0d99292439bf3405780058fcca0a6), userDataDir=/var/folders/bz/wgk5xb716j73jwmmn_1bpq8c0000gn/T/.org.chromium.Chromium.qAhN38}, takesHeapSnapshot=true, pageLoadStrategy=normal, databaseEnabled=false, handlesAlerts=true, hasTouchScreen=false, version=56.0.2924.87, platform=MAC, browserConnectionEnabled=false, nativeEvents=true, acceptSslCerts=true, locationContextEnabled=true, webStorageEnabled=true, browserName=chrome, takesScreenshot=true, javascriptEnabled=true, cssSelectorsEnabled=true}]
Session ID: b73c0b3ee8db1b88261d669f6c6a54f2]]>
            </message>
            <full-stacktrace>
              <![CDATA[org.openqa.selenium.StaleElementReferenceException: stale element reference: element is not attached to the page document
  (Session info: chrome=56.0.2924.87)
  (Driver info: chromedriver=2.24.417412 (ac882d3ce7c0d99292439bf3405780058fcca0a6),platform=Mac OS X 10.12.3 x86_64) (WARNING: The server did not provide any stacktrace information)
Command duration or timeout: 256 milliseconds
For documentation on this error, please visit: http://seleniumhq.org/exceptions/stale_element_reference.html
Build info: version: '2.53.1', revision: 'a36b8b1cd5757287168e54b817830adce9b0158d', time: '2016-06-30 19:26:09'
System info: host: 'ashleys-mbp.turner.com', ip: '10.0.226.126', os.name: 'Mac OS X', os.arch: 'x86_64', os.version: '10.12.3', java.version: '1.8.0_101'
Driver info: org.openqa.selenium.chrome.ChromeDriver
Capabilities [{applicationCacheEnabled=false, rotatable=false, mobileEmulationEnabled=false, networkConnectionEnabled=false, chrome={chromedriverVersion=2.24.417412 (ac882d3ce7c0d99292439bf3405780058fcca0a6), userDataDir=/var/folders/bz/wgk5xb716j73jwmmn_1bpq8c0000gn/T/.org.chromium.Chromium.qAhN38}, takesHeapSnapshot=true, pageLoadStrategy=normal, databaseEnabled=false, handlesAlerts=true, hasTouchScreen=false, version=56.0.2924.87, platform=MAC, browserConnectionEnabled=false, nativeEvents=true, acceptSslCerts=true, locationContextEnabled=true, webStorageEnabled=true, browserName=chrome, takesScreenshot=true, javascriptEnabled=true, cssSelectorsEnabled=true}]
Session ID: b73c0b3ee8db1b88261d669f6c6a54f2
	at sun.reflect.GeneratedConstructorAccessor12.newInstance(Unknown Source)
	at sun.reflect.DelegatingConstructorAccessorImpl.newInstance(DelegatingConstructorAccessorImpl.java:45)
	at java.lang.reflect.Constructor.newInstance(Constructor.java:423)
	at org.openqa.selenium.remote.ErrorHandler.createThrowable(ErrorHandler.java:206)
	at org.openqa.selenium.remote.ErrorHandler.throwIfResponseFailed(ErrorHandler.java:158)
	at org.openqa.selenium.remote.RemoteWebDriver.execute(RemoteWebDriver.java:678)
	at org.openqa.selenium.remote.RemoteWebElement.execute(RemoteWebElement.java:327)
	at org.openqa.selenium.remote.RemoteWebElement.clear(RemoteWebElement.java:140)
	at seleniumHelper.seleniumHelper.SeleniumHelper.clear(SeleniumHelper.java:504)
	at unitTests.SeleniumHelperTests.verifyClear_ElementPreDefined_ExceptionThrown(SeleniumHelperTests.java:157)
	at sun.reflect.NativeMethodAccessorImpl.invoke0(Native Method)
	at sun.reflect.NativeMethodAccessorImpl.invoke(NativeMethodAccessorImpl.java:62)
	at sun.reflect.DelegatingMethodAccessorImpl.invoke(DelegatingMethodAccessorImpl.java:43)
	at java.lang.reflect.Method.invoke(Method.java:498)
	at org.testng.internal.MethodInvocationHelper.invokeMethod(MethodInvocationHelper.java:80)
	at org.testng.internal.Invoker.invokeMethod(Invoker.java:691)
	at org.testng.internal.Invoker.invokeTestMethod(Invoker.java:883)
	at org.testng.internal.Invoker.invokeTestMethods(Invoker.java:1208)
	at org.testng.internal.TestMethodWorker.invokeTestMethods(TestMethodWorker.java:127)
	at org.testng.internal.TestMethodWorker.run(TestMethodWorker.java:111)
	at java.util.concurrent.ThreadPoolExecutor.runWorker(ThreadPoolExecutor.java:1142)
	at java.util.concurrent.ThreadPoolExecutor$Worker.run(ThreadPoolExecutor.java:617)
	at java.lang.Thread.run(Thread.java:745)
]]>
            </full-stacktrace>
          </exception>
        </test-method>
        <test-method status="PASS" signature="verifyClearAllTextByBackspacing_ElementPredefined_ExceptionThrown()[pri:0, instance:unitTests.SeleniumHelperTests@6107165]" name="verifyClearAllTextByBackspacing_ElementPredefined_ExceptionThrown" duration-ms="2063" started-at="2017-02-22T13:16:00Z" finished-at="2017-02-22T13:16:02Z">
          <exception class="org.openqa.selenium.StaleElementReferenceException">
            <message>
              <![CDATA[stale element reference: element is not attached to the page document
  (Session info: chrome=56.0.2924.87)
  (Driver info: chromedriver=2.24.417412 (ac882d3ce7c0d99292439bf3405780058fcca0a6),platform=Mac OS X 10.12.3 x86_64) (WARNING: The server did not provide any stacktrace information)
Command duration or timeout: 234 milliseconds
For documentation on this error, please visit: http://seleniumhq.org/exceptions/stale_element_reference.html
Build info: version: '2.53.1', revision: 'a36b8b1cd5757287168e54b817830adce9b0158d', time: '2016-06-30 19:26:09'
System info: host: 'ashleys-mbp.turner.com', ip: '10.0.226.126', os.name: 'Mac OS X', os.arch: 'x86_64', os.version: '10.12.3', java.version: '1.8.0_101'
Driver info: org.openqa.selenium.chrome.ChromeDriver
Capabilities [{applicationCacheEnabled=false, rotatable=false, mobileEmulationEnabled=false, networkConnectionEnabled=false, chrome={chromedriverVersion=2.24.417412 (ac882d3ce7c0d99292439bf3405780058fcca0a6), userDataDir=/var/folders/bz/wgk5xb716j73jwmmn_1bpq8c0000gn/T/.org.chromium.Chromium.7gWWQp}, takesHeapSnapshot=true, pageLoadStrategy=normal, databaseEnabled=false, handlesAlerts=true, hasTouchScreen=false, version=56.0.2924.87, platform=MAC, browserConnectionEnabled=false, nativeEvents=true, acceptSslCerts=true, locationContextEnabled=true, webStorageEnabled=true, browserName=chrome, takesScreenshot=true, javascriptEnabled=true, cssSelectorsEnabled=true}]
Session ID: b90cfd5e78f9a86d13a9dc8d2e39b86a]]>
            </message>
            <full-stacktrace>
              <![CDATA[org.openqa.selenium.StaleElementReferenceException: stale element reference: element is not attached to the page document
  (Session info: chrome=56.0.2924.87)
  (Driver info: chromedriver=2.24.417412 (ac882d3ce7c0d99292439bf3405780058fcca0a6),platform=Mac OS X 10.12.3 x86_64) (WARNING: The server did not provide any stacktrace information)
Command duration or timeout: 234 milliseconds
For documentation on this error, please visit: http://seleniumhq.org/exceptions/stale_element_reference.html
Build info: version: '2.53.1', revision: 'a36b8b1cd5757287168e54b817830adce9b0158d', time: '2016-06-30 19:26:09'
System info: host: 'ashleys-mbp.turner.com', ip: '10.0.226.126', os.name: 'Mac OS X', os.arch: 'x86_64', os.version: '10.12.3', java.version: '1.8.0_101'
Driver info: org.openqa.selenium.chrome.ChromeDriver
Capabilities [{applicationCacheEnabled=false, rotatable=false, mobileEmulationEnabled=false, networkConnectionEnabled=false, chrome={chromedriverVersion=2.24.417412 (ac882d3ce7c0d99292439bf3405780058fcca0a6), userDataDir=/var/folders/bz/wgk5xb716j73jwmmn_1bpq8c0000gn/T/.org.chromium.Chromium.7gWWQp}, takesHeapSnapshot=true, pageLoadStrategy=normal, databaseEnabled=false, handlesAlerts=true, hasTouchScreen=false, version=56.0.2924.87, platform=MAC, browserConnectionEnabled=false, nativeEvents=true, acceptSslCerts=true, locationContextEnabled=true, webStorageEnabled=true, browserName=chrome, takesScreenshot=true, javascriptEnabled=true, cssSelectorsEnabled=true}]
Session ID: b90cfd5e78f9a86d13a9dc8d2e39b86a
	at sun.reflect.GeneratedConstructorAccessor12.newInstance(Unknown Source)
	at sun.reflect.DelegatingConstructorAccessorImpl.newInstance(DelegatingConstructorAccessorImpl.java:45)
	at java.lang.reflect.Constructor.newInstance(Constructor.java:423)
	at org.openqa.selenium.remote.ErrorHandler.createThrowable(ErrorHandler.java:206)
	at org.openqa.selenium.remote.ErrorHandler.throwIfResponseFailed(ErrorHandler.java:158)
	at org.openqa.selenium.remote.RemoteWebDriver.execute(RemoteWebDriver.java:678)
	at org.openqa.selenium.remote.RemoteWebElement.execute(RemoteWebElement.java:327)
	at org.openqa.selenium.remote.RemoteWebElement.sendKeys(RemoteWebElement.java:122)
	at seleniumHelper.seleniumHelper.SeleniumHelper.clearAllTextByBackspacing(SeleniumHelper.java:942)
	at unitTests.SeleniumHelperTests.verifyClearAllTextByBackspacing_ElementPredefined_ExceptionThrown(SeleniumHelperTests.java:54)
	at sun.reflect.NativeMethodAccessorImpl.invoke0(Native Method)
	at sun.reflect.NativeMethodAccessorImpl.invoke(NativeMethodAccessorImpl.java:62)
	at sun.reflect.DelegatingMethodAccessorImpl.invoke(DelegatingMethodAccessorImpl.java:43)
	at java.lang.reflect.Method.invoke(Method.java:498)
	at org.testng.internal.MethodInvocationHelper.invokeMethod(MethodInvocationHelper.java:80)
	at org.testng.internal.Invoker.invokeMethod(Invoker.java:691)
	at org.testng.internal.Invoker.invokeTestMethod(Invoker.java:883)
	at org.testng.internal.Invoker.invokeTestMethods(Invoker.java:1208)
	at org.testng.internal.TestMethodWorker.invokeTestMethods(TestMethodWorker.java:127)
	at org.testng.internal.TestMethodWorker.run(TestMethodWorker.java:111)
	at java.util.concurrent.ThreadPoolExecutor.runWorker(ThreadPoolExecutor.java:1142)
	at java.util.concurrent.ThreadPoolExecutor$Worker.run(ThreadPoolExecutor.java:617)
	at java.lang.Thread.run(Thread.java:745)
]]>
            </full-stacktrace>
          </exception>
        </test-method>
        <test-method status="PASS" signature="verifyClearAllTextByBackspacing_ExceptionThrown()[pri:0, instance:unitTests.SeleniumHelperTests@6107165]" name="verifyClearAllTextByBackspacing_ExceptionThrown" duration-ms="73" started-at="2017-02-22T13:16:00Z" finished-at="2017-02-22T13:16:00Z">
          <exception class="org.openqa.selenium.NoSuchElementException">
            <message>
              <![CDATA[no such element: Unable to locate element: {"method":"css selector","selector":"#Ha"}
  (Session info: chrome=56.0.2924.87)
  (Driver info: chromedriver=2.24.417412 (ac882d3ce7c0d99292439bf3405780058fcca0a6),platform=Mac OS X 10.12.3 x86_64) (WARNING: The server did not provide any stacktrace information)
Command duration or timeout: 23 milliseconds
For documentation on this error, please visit: http://seleniumhq.org/exceptions/no_such_element.html
Build info: version: '2.53.1', revision: 'a36b8b1cd5757287168e54b817830adce9b0158d', time: '2016-06-30 19:26:09'
System info: host: 'ashleys-mbp.turner.com', ip: '10.0.226.126', os.name: 'Mac OS X', os.arch: 'x86_64', os.version: '10.12.3', java.version: '1.8.0_101'
Driver info: org.openqa.selenium.chrome.ChromeDriver
Capabilities [{applicationCacheEnabled=false, rotatable=false, mobileEmulationEnabled=false, networkConnectionEnabled=false, chrome={chromedriverVersion=2.24.417412 (ac882d3ce7c0d99292439bf3405780058fcca0a6), userDataDir=/var/folders/bz/wgk5xb716j73jwmmn_1bpq8c0000gn/T/.org.chromium.Chromium.kGI1qN}, takesHeapSnapshot=true, pageLoadStrategy=normal, databaseEnabled=false, handlesAlerts=true, hasTouchScreen=false, version=56.0.2924.87, platform=MAC, browserConnectionEnabled=false, nativeEvents=true, acceptSslCerts=true, locationContextEnabled=true, webStorageEnabled=true, browserName=chrome, takesScreenshot=true, javascriptEnabled=true, cssSelectorsEnabled=true}]
Session ID: 882c19698f45d43c8094dcb167a31a3f
*** Element info: {Using=css selector, value=#Ha}]]>
            </message>
            <full-stacktrace>
              <![CDATA[org.openqa.selenium.NoSuchElementException: no such element: Unable to locate element: {"method":"css selector","selector":"#Ha"}
  (Session info: chrome=56.0.2924.87)
  (Driver info: chromedriver=2.24.417412 (ac882d3ce7c0d99292439bf3405780058fcca0a6),platform=Mac OS X 10.12.3 x86_64) (WARNING: The server did not provide any stacktrace information)
Command duration or timeout: 23 milliseconds
For documentation on this error, please visit: http://seleniumhq.org/exceptions/no_such_element.html
Build info: version: '2.53.1', revision: 'a36b8b1cd5757287168e54b817830adce9b0158d', time: '2016-06-30 19:26:09'
System info: host: 'ashleys-mbp.turner.com', ip: '10.0.226.126', os.name: 'Mac OS X', os.arch: 'x86_64', os.version: '10.12.3', java.version: '1.8.0_101'
Driver info: org.openqa.selenium.chrome.ChromeDriver
Capabilities [{applicationCacheEnabled=false, rotatable=false, mobileEmulationEnabled=false, networkConnectionEnabled=false, chrome={chromedriverVersion=2.24.417412 (ac882d3ce7c0d99292439bf3405780058fcca0a6), userDataDir=/var/folders/bz/wgk5xb716j73jwmmn_1bpq8c0000gn/T/.org.chromium.Chromium.kGI1qN}, takesHeapSnapshot=true, pageLoadStrategy=normal, databaseEnabled=false, handlesAlerts=true, hasTouchScreen=false, version=56.0.2924.87, platform=MAC, browserConnectionEnabled=false, nativeEvents=true, acceptSslCerts=true, locationContextEnabled=true, webStorageEnabled=true, browserName=chrome, takesScreenshot=true, javascriptEnabled=true, cssSelectorsEnabled=true}]
Session ID: 882c19698f45d43c8094dcb167a31a3f
*** Element info: {Using=css selector, value=#Ha}
	at sun.reflect.GeneratedConstructorAccessor11.newInstance(Unknown Source)
	at sun.reflect.DelegatingConstructorAccessorImpl.newInstance(DelegatingConstructorAccessorImpl.java:45)
	at java.lang.reflect.Constructor.newInstance(Constructor.java:423)
	at org.openqa.selenium.remote.ErrorHandler.createThrowable(ErrorHandler.java:206)
	at org.openqa.selenium.remote.ErrorHandler.throwIfResponseFailed(ErrorHandler.java:158)
	at org.openqa.selenium.remote.RemoteWebDriver.execute(RemoteWebDriver.java:678)
	at org.openqa.selenium.remote.RemoteWebDriver.findElement(RemoteWebDriver.java:363)
	at org.openqa.selenium.remote.RemoteWebDriver.findElementByCssSelector(RemoteWebDriver.java:492)
	at org.openqa.selenium.By$ByCssSelector.findElement(By.java:430)
	at org.openqa.selenium.remote.RemoteWebDriver.findElement(RemoteWebDriver.java:355)
	at seleniumHelper.seleniumHelper.SeleniumHelper.getElement(SeleniumHelper.java:243)
	at seleniumHelper.seleniumHelper.SeleniumHelper.clearAllTextByBackspacing(SeleniumHelper.java:921)
	at unitTests.SeleniumHelperTests.verifyClearAllTextByBackspacing_ExceptionThrown(SeleniumHelperTests.java:41)
	at sun.reflect.NativeMethodAccessorImpl.invoke0(Native Method)
	at sun.reflect.NativeMethodAccessorImpl.invoke(NativeMethodAccessorImpl.java:62)
	at sun.reflect.DelegatingMethodAccessorImpl.invoke(DelegatingMethodAccessorImpl.java:43)
	at java.lang.reflect.Method.invoke(Method.java:498)
	at org.testng.internal.MethodInvocationHelper.invokeMethod(MethodInvocationHelper.java:80)
	at org.testng.internal.Invoker.invokeMethod(Invoker.java:691)
	at org.testng.internal.Invoker.invokeTestMethod(Invoker.java:883)
	at org.testng.internal.Invoker.invokeTestMethods(Invoker.java:1208)
	at org.testng.internal.TestMethodWorker.invokeTestMethods(TestMethodWorker.java:127)
	at org.testng.internal.TestMethodWorker.run(TestMethodWorker.java:111)
	at java.util.concurrent.ThreadPoolExecutor.runWorker(ThreadPoolExecutor.java:1142)
	at java.util.concurrent.ThreadPoolExecutor$Worker.run(ThreadPoolExecutor.java:617)
	at java.lang.Thread.run(Thread.java:745)
]]>
            </full-stacktrace>
          </exception>
        </test-method>
        <test-method status="PASS" signature="afterScenario()[pri:0, instance:unitTests.SeleniumHelperTests@6107165]" name="afterScenario" is-config="true" duration-ms="77" started-at="2017-02-22T13:16:00Z" finished-at="2017-02-22T13:16:00Z">
        </test-method>
        <test-method status="PASS" signature="beforeScenario()[pri:0, instance:unitTests.SeleniumHelperTests@6107165]" name="beforeScenario" is-config="true" duration-ms="3641" started-at="2017-02-22T13:16:00Z" finished-at="2017-02-22T13:16:04Z">
        </test-method>
        <test-method status="PASS" signature="afterScenario()[pri:0, instance:unitTests.SeleniumHelperTests@6107165]" name="afterScenario" is-config="true" duration-ms="73" started-at="2017-02-22T13:16:00Z" finished-at="2017-02-22T13:16:00Z">
        </test-method>
        <test-method status="PASS" signature="beforeScenario()[pri:0, instance:unitTests.SeleniumHelperTests@6107165]" name="beforeScenario" is-config="true" duration-ms="3953" started-at="2017-02-22T13:16:00Z" finished-at="2017-02-22T13:16:04Z">
        </test-method>
        <test-method status="PASS" signature="verifyClickViaJQuery_IndexIsNull()[pri:0, instance:unitTests.SeleniumHelperTests@6107165]" name="verifyClickViaJQuery_IndexIsNull" duration-ms="749" started-at="2017-02-22T13:16:01Z" finished-at="2017-02-22T13:16:01Z">
        </test-method>
        <test-method status="PASS" signature="verifyClickViaJQuery_SelectorStringDoesNotContainChar()[pri:0, instance:unitTests.SeleniumHelperTests@6107165]" name="verifyClickViaJQuery_SelectorStringDoesNotContainChar" duration-ms="709" started-at="2017-02-22T13:16:01Z" finished-at="2017-02-22T13:16:01Z">
        </test-method>
        <test-method status="PASS" signature="afterScenario()[pri:0, instance:unitTests.SeleniumHelperTests@6107165]" name="afterScenario" is-config="true" duration-ms="76" started-at="2017-02-22T13:16:01Z" finished-at="2017-02-22T13:16:01Z">
        </test-method>
        <test-method status="PASS" signature="beforeScenario()[pri:0, instance:unitTests.SeleniumHelperTests@6107165]" name="beforeScenario" is-config="true" duration-ms="3948" started-at="2017-02-22T13:16:01Z" finished-at="2017-02-22T13:16:05Z">
        </test-method>
        <test-method status="PASS" signature="afterScenario()[pri:0, instance:unitTests.SeleniumHelperTests@6107165]" name="afterScenario" is-config="true" duration-ms="77" started-at="2017-02-22T13:16:01Z" finished-at="2017-02-22T13:16:02Z">
        </test-method>
        <test-method status="PASS" signature="beforeScenario()[pri:0, instance:unitTests.SeleniumHelperTests@6107165]" name="beforeScenario" is-config="true" duration-ms="3760" started-at="2017-02-22T13:16:02Z" finished-at="2017-02-22T13:16:05Z">
        </test-method>
        <test-method status="PASS" signature="afterScenario()[pri:0, instance:unitTests.SeleniumHelperTests@6107165]" name="afterScenario" is-config="true" duration-ms="76" started-at="2017-02-22T13:16:02Z" finished-at="2017-02-22T13:16:02Z">
        </test-method>
        <test-method status="PASS" signature="beforeScenario()[pri:0, instance:unitTests.SeleniumHelperTests@6107165]" name="beforeScenario" is-config="true" duration-ms="2844" started-at="2017-02-22T13:16:02Z" finished-at="2017-02-22T13:16:05Z">
        </test-method>
        <test-method status="PASS" signature="afterScenario()[pri:0, instance:unitTests.SeleniumHelperTests@6107165]" name="afterScenario" is-config="true" duration-ms="176" started-at="2017-02-22T13:16:02Z" finished-at="2017-02-22T13:16:02Z">
        </test-method>
        <test-method status="PASS" signature="beforeScenario()[pri:0, instance:unitTests.SeleniumHelperTests@6107165]" name="beforeScenario" is-config="true" duration-ms="3288" started-at="2017-02-22T13:16:02Z" finished-at="2017-02-22T13:16:05Z">
        </test-method>
        <test-method status="PASS" signature="verifyClickViaJavascript_CLASSNAME()[pri:0, instance:unitTests.SeleniumHelperTests@6107165]" name="verifyClickViaJavascript_CLASSNAME" duration-ms="566" started-at="2017-02-22T13:16:04Z" finished-at="2017-02-22T13:16:04Z">
        </test-method>
        <test-method status="PASS" signature="verifyClickViaJavascript_CSSSELECTOR()[pri:0, instance:unitTests.SeleniumHelperTests@6107165]" name="verifyClickViaJavascript_CSSSELECTOR" duration-ms="535" started-at="2017-02-22T13:16:04Z" finished-at="2017-02-22T13:16:04Z">
        </test-method>
        <test-method status="PASS" signature="verifyClickViaJavascript_DEFAULT()[pri:0, instance:unitTests.SeleniumHelperTests@6107165]" name="verifyClickViaJavascript_DEFAULT" duration-ms="537" started-at="2017-02-22T13:16:04Z" finished-at="2017-02-22T13:16:04Z">
        </test-method>
        <test-method status="PASS" signature="afterScenario()[pri:0, instance:unitTests.SeleniumHelperTests@6107165]" name="afterScenario" is-config="true" duration-ms="83" started-at="2017-02-22T13:16:04Z" finished-at="2017-02-22T13:16:04Z">
        </test-method>
        <test-method status="PASS" signature="afterScenario()[pri:0, instance:unitTests.SeleniumHelperTests@6107165]" name="afterScenario" is-config="true" duration-ms="75" started-at="2017-02-22T13:16:04Z" finished-at="2017-02-22T13:16:04Z">
        </test-method>
        <test-method status="PASS" signature="beforeScenario()[pri:0, instance:unitTests.SeleniumHelperTests@6107165]" name="beforeScenario" is-config="true" duration-ms="4350" started-at="2017-02-22T13:16:04Z" finished-at="2017-02-22T13:16:09Z">
        </test-method>
        <test-method status="PASS" signature="beforeScenario()[pri:0, instance:unitTests.SeleniumHelperTests@6107165]" name="beforeScenario" is-config="true" duration-ms="3325" started-at="2017-02-22T13:16:04Z" finished-at="2017-02-22T13:16:08Z">
        </test-method>
        <test-method status="PASS" signature="afterScenario()[pri:0, instance:unitTests.SeleniumHelperTests@6107165]" name="afterScenario" is-config="true" duration-ms="72" started-at="2017-02-22T13:16:04Z" finished-at="2017-02-22T13:16:04Z">
        </test-method>
        <test-method status="PASS" signature="verifyClickViaJavascript_ExceptionThrown()[pri:0, instance:unitTests.SeleniumHelperTests@6107165]" name="verifyClickViaJavascript_ExceptionThrown" duration-ms="545" started-at="2017-02-22T13:16:04Z" finished-at="2017-02-22T13:16:05Z">
          <exception class="org.openqa.selenium.WebDriverException">
            <message>
              <![CDATA[unknown error: Cannot read property 'click' of null
  (Session info: chrome=56.0.2924.87)
  (Driver info: chromedriver=2.24.417412 (ac882d3ce7c0d99292439bf3405780058fcca0a6),platform=Mac OS X 10.12.3 x86_64) (WARNING: The server did not provide any stacktrace information)
Command duration or timeout: 7 milliseconds
Build info: version: '2.53.1', revision: 'a36b8b1cd5757287168e54b817830adce9b0158d', time: '2016-06-30 19:26:09'
System info: host: 'ashleys-mbp.turner.com', ip: '10.0.226.126', os.name: 'Mac OS X', os.arch: 'x86_64', os.version: '10.12.3', java.version: '1.8.0_101'
Driver info: org.openqa.selenium.chrome.ChromeDriver
Capabilities [{applicationCacheEnabled=false, rotatable=false, mobileEmulationEnabled=false, networkConnectionEnabled=false, chrome={chromedriverVersion=2.24.417412 (ac882d3ce7c0d99292439bf3405780058fcca0a6), userDataDir=/var/folders/bz/wgk5xb716j73jwmmn_1bpq8c0000gn/T/.org.chromium.Chromium.fZIRAZ}, takesHeapSnapshot=true, pageLoadStrategy=normal, databaseEnabled=false, handlesAlerts=true, hasTouchScreen=false, version=56.0.2924.87, platform=MAC, browserConnectionEnabled=false, nativeEvents=true, acceptSslCerts=true, locationContextEnabled=true, webStorageEnabled=true, browserName=chrome, takesScreenshot=true, javascriptEnabled=true, cssSelectorsEnabled=true}]
Session ID: ec654d83b471b6dcc6de51969e75ace3]]>
            </message>
            <full-stacktrace>
              <![CDATA[org.openqa.selenium.WebDriverException: unknown error: Cannot read property 'click' of null
  (Session info: chrome=56.0.2924.87)
  (Driver info: chromedriver=2.24.417412 (ac882d3ce7c0d99292439bf3405780058fcca0a6),platform=Mac OS X 10.12.3 x86_64) (WARNING: The server did not provide any stacktrace information)
Command duration or timeout: 7 milliseconds
Build info: version: '2.53.1', revision: 'a36b8b1cd5757287168e54b817830adce9b0158d', time: '2016-06-30 19:26:09'
System info: host: 'ashleys-mbp.turner.com', ip: '10.0.226.126', os.name: 'Mac OS X', os.arch: 'x86_64', os.version: '10.12.3', java.version: '1.8.0_101'
Driver info: org.openqa.selenium.chrome.ChromeDriver
Capabilities [{applicationCacheEnabled=false, rotatable=false, mobileEmulationEnabled=false, networkConnectionEnabled=false, chrome={chromedriverVersion=2.24.417412 (ac882d3ce7c0d99292439bf3405780058fcca0a6), userDataDir=/var/folders/bz/wgk5xb716j73jwmmn_1bpq8c0000gn/T/.org.chromium.Chromium.fZIRAZ}, takesHeapSnapshot=true, pageLoadStrategy=normal, databaseEnabled=false, handlesAlerts=true, hasTouchScreen=false, version=56.0.2924.87, platform=MAC, browserConnectionEnabled=false, nativeEvents=true, acceptSslCerts=true, locationContextEnabled=true, webStorageEnabled=true, browserName=chrome, takesScreenshot=true, javascriptEnabled=true, cssSelectorsEnabled=true}]
Session ID: ec654d83b471b6dcc6de51969e75ace3
	at sun.reflect.NativeConstructorAccessorImpl.newInstance0(Native Method)
	at sun.reflect.NativeConstructorAccessorImpl.newInstance(NativeConstructorAccessorImpl.java:62)
	at sun.reflect.DelegatingConstructorAccessorImpl.newInstance(DelegatingConstructorAccessorImpl.java:45)
	at java.lang.reflect.Constructor.newInstance(Constructor.java:423)
	at org.openqa.selenium.remote.ErrorHandler.createThrowable(ErrorHandler.java:206)
	at org.openqa.selenium.remote.ErrorHandler.throwIfResponseFailed(ErrorHandler.java:158)
	at org.openqa.selenium.remote.RemoteWebDriver.execute(RemoteWebDriver.java:678)
	at org.openqa.selenium.remote.RemoteWebDriver.executeScript(RemoteWebDriver.java:577)
	at seleniumHelper.seleniumHelper.SeleniumHelper.clickViaJavascriptElementType(SeleniumHelper.java:205)
	at seleniumHelper.seleniumHelper.SeleniumHelper.clickViaJavascript(SeleniumHelper.java:704)
	at unitTests.SeleniumHelperTests.verifyClickViaJavascript_ExceptionThrown(SeleniumHelperTests.java:440)
	at sun.reflect.NativeMethodAccessorImpl.invoke0(Native Method)
	at sun.reflect.NativeMethodAccessorImpl.invoke(NativeMethodAccessorImpl.java:62)
	at sun.reflect.DelegatingMethodAccessorImpl.invoke(DelegatingMethodAccessorImpl.java:43)
	at java.lang.reflect.Method.invoke(Method.java:498)
	at org.testng.internal.MethodInvocationHelper.invokeMethod(MethodInvocationHelper.java:80)
	at org.testng.internal.Invoker.invokeMethod(Invoker.java:691)
	at org.testng.internal.Invoker.invokeTestMethod(Invoker.java:883)
	at org.testng.internal.Invoker.invokeTestMethods(Invoker.java:1208)
	at org.testng.internal.TestMethodWorker.invokeTestMethods(TestMethodWorker.java:127)
	at org.testng.internal.TestMethodWorker.run(TestMethodWorker.java:111)
	at java.util.concurrent.ThreadPoolExecutor.runWorker(ThreadPoolExecutor.java:1142)
	at java.util.concurrent.ThreadPoolExecutor$Worker.run(ThreadPoolExecutor.java:617)
	at java.lang.Thread.run(Thread.java:745)
]]>
            </full-stacktrace>
          </exception>
        </test-method>
        <test-method status="PASS" signature="beforeScenario()[pri:0, instance:unitTests.SeleniumHelperTests@6107165]" name="beforeScenario" is-config="true" duration-ms="3320" started-at="2017-02-22T13:16:04Z" finished-at="2017-02-22T13:16:08Z">
        </test-method>
        <test-method status="PASS" signature="verifyClickViaJavascript_TAGNAME()[pri:0, instance:unitTests.SeleniumHelperTests@6107165]" name="verifyClickViaJavascript_TAGNAME" duration-ms="585" started-at="2017-02-22T13:16:05Z" finished-at="2017-02-22T13:16:05Z">
        </test-method>
        <test-method status="PASS" signature="afterScenario()[pri:0, instance:unitTests.SeleniumHelperTests@6107165]" name="afterScenario" is-config="true" duration-ms="77" started-at="2017-02-22T13:16:05Z" finished-at="2017-02-22T13:16:05Z">
        </test-method>
        <test-method status="PASS" signature="beforeScenario()[pri:0, instance:unitTests.SeleniumHelperTests@6107165]" name="beforeScenario" is-config="true" duration-ms="3568" started-at="2017-02-22T13:16:05Z" finished-at="2017-02-22T13:16:09Z">
        </test-method>
        <test-method status="PASS" signature="afterScenario()[pri:0, instance:unitTests.SeleniumHelperTests@6107165]" name="afterScenario" is-config="true" duration-ms="129" started-at="2017-02-22T13:16:05Z" finished-at="2017-02-22T13:16:05Z">
        </test-method>
        <test-method status="PASS" signature="verifyClickViaJavascript_ID()[pri:0, instance:unitTests.SeleniumHelperTests@6107165]" name="verifyClickViaJavascript_ID" duration-ms="558" started-at="2017-02-22T13:16:05Z" finished-at="2017-02-22T13:16:06Z">
        </test-method>
        <test-method status="PASS" signature="verifyClickViaJavascript_NAME()[pri:0, instance:unitTests.SeleniumHelperTests@6107165]" name="verifyClickViaJavascript_NAME" duration-ms="544" started-at="2017-02-22T13:16:05Z" finished-at="2017-02-22T13:16:06Z">
        </test-method>
        <test-method status="PASS" signature="verifyClick_PredefinedWebElement_ThrowsException()[pri:0, instance:unitTests.SeleniumHelperTests@6107165]" name="verifyClick_PredefinedWebElement_ThrowsException" duration-ms="1968" started-at="2017-02-22T13:16:05Z" finished-at="2017-02-22T13:16:07Z">
          <exception class="org.openqa.selenium.StaleElementReferenceException">
            <message>
              <![CDATA[stale element reference: element is not attached to the page document
  (Session info: chrome=56.0.2924.87)
  (Driver info: chromedriver=2.24.417412 (ac882d3ce7c0d99292439bf3405780058fcca0a6),platform=Mac OS X 10.12.3 x86_64) (WARNING: The server did not provide any stacktrace information)
Command duration or timeout: 247 milliseconds
For documentation on this error, please visit: http://seleniumhq.org/exceptions/stale_element_reference.html
Build info: version: '2.53.1', revision: 'a36b8b1cd5757287168e54b817830adce9b0158d', time: '2016-06-30 19:26:09'
System info: host: 'ashleys-mbp.turner.com', ip: '10.0.226.126', os.name: 'Mac OS X', os.arch: 'x86_64', os.version: '10.12.3', java.version: '1.8.0_101'
Driver info: org.openqa.selenium.chrome.ChromeDriver
Capabilities [{applicationCacheEnabled=false, rotatable=false, mobileEmulationEnabled=false, networkConnectionEnabled=false, chrome={chromedriverVersion=2.24.417412 (ac882d3ce7c0d99292439bf3405780058fcca0a6), userDataDir=/var/folders/bz/wgk5xb716j73jwmmn_1bpq8c0000gn/T/.org.chromium.Chromium.wRHfwV}, takesHeapSnapshot=true, pageLoadStrategy=normal, databaseEnabled=false, handlesAlerts=true, hasTouchScreen=false, version=56.0.2924.87, platform=MAC, browserConnectionEnabled=false, nativeEvents=true, acceptSslCerts=true, locationContextEnabled=true, webStorageEnabled=true, browserName=chrome, takesScreenshot=true, javascriptEnabled=true, cssSelectorsEnabled=true}]
Session ID: 977b8113643b5f2645e8e5d8b6e5a002]]>
            </message>
            <full-stacktrace>
              <![CDATA[org.openqa.selenium.StaleElementReferenceException: stale element reference: element is not attached to the page document
  (Session info: chrome=56.0.2924.87)
  (Driver info: chromedriver=2.24.417412 (ac882d3ce7c0d99292439bf3405780058fcca0a6),platform=Mac OS X 10.12.3 x86_64) (WARNING: The server did not provide any stacktrace information)
Command duration or timeout: 247 milliseconds
For documentation on this error, please visit: http://seleniumhq.org/exceptions/stale_element_reference.html
Build info: version: '2.53.1', revision: 'a36b8b1cd5757287168e54b817830adce9b0158d', time: '2016-06-30 19:26:09'
System info: host: 'ashleys-mbp.turner.com', ip: '10.0.226.126', os.name: 'Mac OS X', os.arch: 'x86_64', os.version: '10.12.3', java.version: '1.8.0_101'
Driver info: org.openqa.selenium.chrome.ChromeDriver
Capabilities [{applicationCacheEnabled=false, rotatable=false, mobileEmulationEnabled=false, networkConnectionEnabled=false, chrome={chromedriverVersion=2.24.417412 (ac882d3ce7c0d99292439bf3405780058fcca0a6), userDataDir=/var/folders/bz/wgk5xb716j73jwmmn_1bpq8c0000gn/T/.org.chromium.Chromium.wRHfwV}, takesHeapSnapshot=true, pageLoadStrategy=normal, databaseEnabled=false, handlesAlerts=true, hasTouchScreen=false, version=56.0.2924.87, platform=MAC, browserConnectionEnabled=false, nativeEvents=true, acceptSslCerts=true, locationContextEnabled=true, webStorageEnabled=true, browserName=chrome, takesScreenshot=true, javascriptEnabled=true, cssSelectorsEnabled=true}]
Session ID: 977b8113643b5f2645e8e5d8b6e5a002
	at sun.reflect.GeneratedConstructorAccessor12.newInstance(Unknown Source)
	at sun.reflect.DelegatingConstructorAccessorImpl.newInstance(DelegatingConstructorAccessorImpl.java:45)
	at java.lang.reflect.Constructor.newInstance(Constructor.java:423)
	at org.openqa.selenium.remote.ErrorHandler.createThrowable(ErrorHandler.java:206)
	at org.openqa.selenium.remote.ErrorHandler.throwIfResponseFailed(ErrorHandler.java:158)
	at org.openqa.selenium.remote.RemoteWebDriver.execute(RemoteWebDriver.java:678)
	at org.openqa.selenium.remote.RemoteWebElement.execute(RemoteWebElement.java:327)
	at org.openqa.selenium.remote.RemoteWebElement.click(RemoteWebElement.java:85)
	at seleniumHelper.seleniumHelper.SeleniumHelper.click(SeleniumHelper.java:383)
	at unitTests.SeleniumHelperTests.verifyClick_PredefinedWebElement_ThrowsException(SeleniumHelperTests.java:286)
	at sun.reflect.NativeMethodAccessorImpl.invoke0(Native Method)
	at sun.reflect.NativeMethodAccessorImpl.invoke(NativeMethodAccessorImpl.java:62)
	at sun.reflect.DelegatingMethodAccessorImpl.invoke(DelegatingMethodAccessorImpl.java:43)
	at java.lang.reflect.Method.invoke(Method.java:498)
	at org.testng.internal.MethodInvocationHelper.invokeMethod(MethodInvocationHelper.java:80)
	at org.testng.internal.Invoker.invokeMethod(Invoker.java:691)
	at org.testng.internal.Invoker.invokeTestMethod(Invoker.java:883)
	at org.testng.internal.Invoker.invokeTestMethods(Invoker.java:1208)
	at org.testng.internal.TestMethodWorker.invokeTestMethods(TestMethodWorker.java:127)
	at org.testng.internal.TestMethodWorker.run(TestMethodWorker.java:111)
	at java.util.concurrent.ThreadPoolExecutor.runWorker(ThreadPoolExecutor.java:1142)
	at java.util.concurrent.ThreadPoolExecutor$Worker.run(ThreadPoolExecutor.java:617)
	at java.lang.Thread.run(Thread.java:745)
]]>
            </full-stacktrace>
          </exception>
        </test-method>
        <test-method status="PASS" signature="beforeScenario()[pri:0, instance:unitTests.SeleniumHelperTests@6107165]" name="beforeScenario" is-config="true" duration-ms="3066" started-at="2017-02-22T13:16:05Z" finished-at="2017-02-22T13:16:08Z">
        </test-method>
        <test-method status="PASS" signature="afterScenario()[pri:0, instance:unitTests.SeleniumHelperTests@6107165]" name="afterScenario" is-config="true" duration-ms="78" started-at="2017-02-22T13:16:06Z" finished-at="2017-02-22T13:16:06Z">
        </test-method>
        <test-method status="PASS" signature="afterScenario()[pri:0, instance:unitTests.SeleniumHelperTests@6107165]" name="afterScenario" is-config="true" duration-ms="78" started-at="2017-02-22T13:16:06Z" finished-at="2017-02-22T13:16:06Z">
        </test-method>
        <test-method status="PASS" signature="beforeScenario()[pri:0, instance:unitTests.SeleniumHelperTests@6107165]" name="beforeScenario" is-config="true" duration-ms="3647" started-at="2017-02-22T13:16:06Z" finished-at="2017-02-22T13:16:10Z">
        </test-method>
        <test-method status="PASS" signature="beforeScenario()[pri:0, instance:unitTests.SeleniumHelperTests@6107165]" name="beforeScenario" is-config="true" duration-ms="3696" started-at="2017-02-22T13:16:06Z" finished-at="2017-02-22T13:16:10Z">
        </test-method>
        <test-method status="PASS" signature="afterScenario()[pri:0, instance:unitTests.SeleniumHelperTests@6107165]" name="afterScenario" is-config="true" duration-ms="74" started-at="2017-02-22T13:16:07Z" finished-at="2017-02-22T13:16:07Z">
        </test-method>
        <test-method status="PASS" signature="beforeScenario()[pri:0, instance:unitTests.SeleniumHelperTests@6107165]" name="beforeScenario" is-config="true" duration-ms="3731" started-at="2017-02-22T13:16:07Z" finished-at="2017-02-22T13:16:11Z">
        </test-method>
        <test-method status="PASS" signature="verifyClick_ThrowsWebDriverException()[pri:0, instance:unitTests.SeleniumHelperTests@6107165]" name="verifyClick_ThrowsWebDriverException" duration-ms="62" started-at="2017-02-22T13:16:08Z" finished-at="2017-02-22T13:16:08Z">
          <exception class="org.openqa.selenium.NoSuchElementException">
            <message>
              <![CDATA[no such element: Unable to locate element: {"method":"css selector","selector":"#Ha"}
  (Session info: chrome=56.0.2924.87)
  (Driver info: chromedriver=2.24.417412 (ac882d3ce7c0d99292439bf3405780058fcca0a6),platform=Mac OS X 10.12.3 x86_64) (WARNING: The server did not provide any stacktrace information)
Command duration or timeout: 24 milliseconds
For documentation on this error, please visit: http://seleniumhq.org/exceptions/no_such_element.html
Build info: version: '2.53.1', revision: 'a36b8b1cd5757287168e54b817830adce9b0158d', time: '2016-06-30 19:26:09'
System info: host: 'ashleys-mbp.turner.com', ip: '10.0.226.126', os.name: 'Mac OS X', os.arch: 'x86_64', os.version: '10.12.3', java.version: '1.8.0_101'
Driver info: org.openqa.selenium.chrome.ChromeDriver
Capabilities [{applicationCacheEnabled=false, rotatable=false, mobileEmulationEnabled=false, networkConnectionEnabled=false, chrome={chromedriverVersion=2.24.417412 (ac882d3ce7c0d99292439bf3405780058fcca0a6), userDataDir=/var/folders/bz/wgk5xb716j73jwmmn_1bpq8c0000gn/T/.org.chromium.Chromium.AIIJhV}, takesHeapSnapshot=true, pageLoadStrategy=normal, databaseEnabled=false, handlesAlerts=true, hasTouchScreen=false, version=56.0.2924.87, platform=MAC, browserConnectionEnabled=false, nativeEvents=true, acceptSslCerts=true, locationContextEnabled=true, webStorageEnabled=true, browserName=chrome, takesScreenshot=true, javascriptEnabled=true, cssSelectorsEnabled=true}]
Session ID: 8a6e30bd78ed594ce75e7b60a0597a34
*** Element info: {Using=css selector, value=#Ha}]]>
            </message>
            <full-stacktrace>
              <![CDATA[org.openqa.selenium.NoSuchElementException: no such element: Unable to locate element: {"method":"css selector","selector":"#Ha"}
  (Session info: chrome=56.0.2924.87)
  (Driver info: chromedriver=2.24.417412 (ac882d3ce7c0d99292439bf3405780058fcca0a6),platform=Mac OS X 10.12.3 x86_64) (WARNING: The server did not provide any stacktrace information)
Command duration or timeout: 24 milliseconds
For documentation on this error, please visit: http://seleniumhq.org/exceptions/no_such_element.html
Build info: version: '2.53.1', revision: 'a36b8b1cd5757287168e54b817830adce9b0158d', time: '2016-06-30 19:26:09'
System info: host: 'ashleys-mbp.turner.com', ip: '10.0.226.126', os.name: 'Mac OS X', os.arch: 'x86_64', os.version: '10.12.3', java.version: '1.8.0_101'
Driver info: org.openqa.selenium.chrome.ChromeDriver
Capabilities [{applicationCacheEnabled=false, rotatable=false, mobileEmulationEnabled=false, networkConnectionEnabled=false, chrome={chromedriverVersion=2.24.417412 (ac882d3ce7c0d99292439bf3405780058fcca0a6), userDataDir=/var/folders/bz/wgk5xb716j73jwmmn_1bpq8c0000gn/T/.org.chromium.Chromium.AIIJhV}, takesHeapSnapshot=true, pageLoadStrategy=normal, databaseEnabled=false, handlesAlerts=true, hasTouchScreen=false, version=56.0.2924.87, platform=MAC, browserConnectionEnabled=false, nativeEvents=true, acceptSslCerts=true, locationContextEnabled=true, webStorageEnabled=true, browserName=chrome, takesScreenshot=true, javascriptEnabled=true, cssSelectorsEnabled=true}]
Session ID: 8a6e30bd78ed594ce75e7b60a0597a34
*** Element info: {Using=css selector, value=#Ha}
	at sun.reflect.GeneratedConstructorAccessor11.newInstance(Unknown Source)
	at sun.reflect.DelegatingConstructorAccessorImpl.newInstance(DelegatingConstructorAccessorImpl.java:45)
	at java.lang.reflect.Constructor.newInstance(Constructor.java:423)
	at org.openqa.selenium.remote.ErrorHandler.createThrowable(ErrorHandler.java:206)
	at org.openqa.selenium.remote.ErrorHandler.throwIfResponseFailed(ErrorHandler.java:158)
	at org.openqa.selenium.remote.RemoteWebDriver.execute(RemoteWebDriver.java:678)
	at org.openqa.selenium.remote.RemoteWebDriver.findElement(RemoteWebDriver.java:363)
	at org.openqa.selenium.remote.RemoteWebDriver.findElementByCssSelector(RemoteWebDriver.java:492)
	at org.openqa.selenium.By$ByCssSelector.findElement(By.java:430)
	at org.openqa.selenium.remote.RemoteWebDriver.findElement(RemoteWebDriver.java:355)
	at seleniumHelper.seleniumHelper.SeleniumHelper.getElement(SeleniumHelper.java:243)
	at seleniumHelper.seleniumHelper.SeleniumHelper.click(SeleniumHelper.java:359)
	at unitTests.SeleniumHelperTests.verifyClick_ThrowsWebDriverException(SeleniumHelperTests.java:264)
	at sun.reflect.NativeMethodAccessorImpl.invoke0(Native Method)
	at sun.reflect.NativeMethodAccessorImpl.invoke(NativeMethodAccessorImpl.java:62)
	at sun.reflect.DelegatingMethodAccessorImpl.invoke(DelegatingMethodAccessorImpl.java:43)
	at java.lang.reflect.Method.invoke(Method.java:498)
	at org.testng.internal.MethodInvocationHelper.invokeMethod(MethodInvocationHelper.java:80)
	at org.testng.internal.Invoker.invokeMethod(Invoker.java:691)
	at org.testng.internal.Invoker.invokeTestMethod(Invoker.java:883)
	at org.testng.internal.Invoker.invokeTestMethods(Invoker.java:1208)
	at org.testng.internal.TestMethodWorker.invokeTestMethods(TestMethodWorker.java:127)
	at org.testng.internal.TestMethodWorker.run(TestMethodWorker.java:111)
	at java.util.concurrent.ThreadPoolExecutor.runWorker(ThreadPoolExecutor.java:1142)
	at java.util.concurrent.ThreadPoolExecutor$Worker.run(ThreadPoolExecutor.java:617)
	at java.lang.Thread.run(Thread.java:745)
]]>
            </full-stacktrace>
          </exception>
        </test-method>
        <test-method status="PASS" signature="afterScenario()[pri:0, instance:unitTests.SeleniumHelperTests@6107165]" name="afterScenario" is-config="true" duration-ms="73" started-at="2017-02-22T13:16:08Z" finished-at="2017-02-22T13:16:08Z">
        </test-method>
        <test-method status="PASS" signature="verifyDoesAttributeContainTheExpectedValue_AttributeContainsValue()[pri:0, instance:unitTests.SeleniumHelperTests@6107165]" name="verifyDoesAttributeContainTheExpectedValue_AttributeContainsValue" duration-ms="589" started-at="2017-02-22T13:16:08Z" finished-at="2017-02-22T13:16:08Z">
        </test-method>
        <test-method status="PASS" signature="beforeScenario()[pri:0, instance:unitTests.SeleniumHelperTests@6107165]" name="beforeScenario" is-config="true" duration-ms="3396" started-at="2017-02-22T13:16:08Z" finished-at="2017-02-22T13:16:11Z">
        </test-method>
        <test-method status="PASS" signature="afterScenario()[pri:0, instance:unitTests.SeleniumHelperTests@6107165]" name="afterScenario" is-config="true" duration-ms="74" started-at="2017-02-22T13:16:08Z" finished-at="2017-02-22T13:16:08Z">
        </test-method>
        <test-method status="PASS" signature="beforeScenario()[pri:0, instance:unitTests.SeleniumHelperTests@6107165]" name="beforeScenario" is-config="true" duration-ms="3635" started-at="2017-02-22T13:16:08Z" finished-at="2017-02-22T13:16:12Z">
        </test-method>
        <test-method status="PASS" signature="verifyDoesAttributeContainTheExpectedValue_ExceptionThrown()[pri:0, instance:unitTests.SeleniumHelperTests@6107165]" name="verifyDoesAttributeContainTheExpectedValue_ExceptionThrown" duration-ms="567" started-at="2017-02-22T13:16:08Z" finished-at="2017-02-22T13:16:09Z">
          <exception class="org.openqa.selenium.NoSuchElementException">
            <message>
              <![CDATA[no such element: Unable to locate element: {"method":"id","selector":"testing"}
  (Session info: chrome=56.0.2924.87)
  (Driver info: chromedriver=2.24.417412 (ac882d3ce7c0d99292439bf3405780058fcca0a6),platform=Mac OS X 10.12.3 x86_64) (WARNING: The server did not provide any stacktrace information)
Command duration or timeout: 32 milliseconds
For documentation on this error, please visit: http://seleniumhq.org/exceptions/no_such_element.html
Build info: version: '2.53.1', revision: 'a36b8b1cd5757287168e54b817830adce9b0158d', time: '2016-06-30 19:26:09'
System info: host: 'ashleys-mbp.turner.com', ip: '10.0.226.126', os.name: 'Mac OS X', os.arch: 'x86_64', os.version: '10.12.3', java.version: '1.8.0_101'
Driver info: org.openqa.selenium.chrome.ChromeDriver
Capabilities [{applicationCacheEnabled=false, rotatable=false, mobileEmulationEnabled=false, networkConnectionEnabled=false, chrome={chromedriverVersion=2.24.417412 (ac882d3ce7c0d99292439bf3405780058fcca0a6), userDataDir=/var/folders/bz/wgk5xb716j73jwmmn_1bpq8c0000gn/T/.org.chromium.Chromium.zWlHOh}, takesHeapSnapshot=true, pageLoadStrategy=normal, databaseEnabled=false, handlesAlerts=true, hasTouchScreen=false, version=56.0.2924.87, platform=MAC, browserConnectionEnabled=false, nativeEvents=true, acceptSslCerts=true, locationContextEnabled=true, webStorageEnabled=true, browserName=chrome, takesScreenshot=true, javascriptEnabled=true, cssSelectorsEnabled=true}]
Session ID: 3f9f57c7653f5a70bb3366480ae75fc6
*** Element info: {Using=id, value=testing}]]>
            </message>
            <full-stacktrace>
              <![CDATA[org.openqa.selenium.NoSuchElementException: no such element: Unable to locate element: {"method":"id","selector":"testing"}
  (Session info: chrome=56.0.2924.87)
  (Driver info: chromedriver=2.24.417412 (ac882d3ce7c0d99292439bf3405780058fcca0a6),platform=Mac OS X 10.12.3 x86_64) (WARNING: The server did not provide any stacktrace information)
Command duration or timeout: 32 milliseconds
For documentation on this error, please visit: http://seleniumhq.org/exceptions/no_such_element.html
Build info: version: '2.53.1', revision: 'a36b8b1cd5757287168e54b817830adce9b0158d', time: '2016-06-30 19:26:09'
System info: host: 'ashleys-mbp.turner.com', ip: '10.0.226.126', os.name: 'Mac OS X', os.arch: 'x86_64', os.version: '10.12.3', java.version: '1.8.0_101'
Driver info: org.openqa.selenium.chrome.ChromeDriver
Capabilities [{applicationCacheEnabled=false, rotatable=false, mobileEmulationEnabled=false, networkConnectionEnabled=false, chrome={chromedriverVersion=2.24.417412 (ac882d3ce7c0d99292439bf3405780058fcca0a6), userDataDir=/var/folders/bz/wgk5xb716j73jwmmn_1bpq8c0000gn/T/.org.chromium.Chromium.zWlHOh}, takesHeapSnapshot=true, pageLoadStrategy=normal, databaseEnabled=false, handlesAlerts=true, hasTouchScreen=false, version=56.0.2924.87, platform=MAC, browserConnectionEnabled=false, nativeEvents=true, acceptSslCerts=true, locationContextEnabled=true, webStorageEnabled=true, browserName=chrome, takesScreenshot=true, javascriptEnabled=true, cssSelectorsEnabled=true}]
Session ID: 3f9f57c7653f5a70bb3366480ae75fc6
*** Element info: {Using=id, value=testing}
	at sun.reflect.GeneratedConstructorAccessor11.newInstance(Unknown Source)
	at sun.reflect.DelegatingConstructorAccessorImpl.newInstance(DelegatingConstructorAccessorImpl.java:45)
	at java.lang.reflect.Constructor.newInstance(Constructor.java:423)
	at org.openqa.selenium.remote.ErrorHandler.createThrowable(ErrorHandler.java:206)
	at org.openqa.selenium.remote.ErrorHandler.throwIfResponseFailed(ErrorHandler.java:158)
	at org.openqa.selenium.remote.RemoteWebDriver.execute(RemoteWebDriver.java:678)
	at org.openqa.selenium.remote.RemoteWebDriver.findElement(RemoteWebDriver.java:363)
	at org.openqa.selenium.remote.RemoteWebDriver.findElementById(RemoteWebDriver.java:413)
	at org.openqa.selenium.By$ById.findElement(By.java:218)
	at org.openqa.selenium.remote.RemoteWebDriver.findElement(RemoteWebDriver.java:355)
	at seleniumHelper.seleniumHelper.SeleniumHelper.getElement(SeleniumHelper.java:243)
	at seleniumHelper.seleniumHelper.SeleniumHelper.doesAttributeContainTheExpectedValue(SeleniumHelper.java:1097)
	at unitTests.SeleniumHelperTests.verifyDoesAttributeContainTheExpectedValue_ExceptionThrown(SeleniumHelperTests.java:483)
	at sun.reflect.NativeMethodAccessorImpl.invoke0(Native Method)
	at sun.reflect.NativeMethodAccessorImpl.invoke(NativeMethodAccessorImpl.java:62)
	at sun.reflect.DelegatingMethodAccessorImpl.invoke(DelegatingMethodAccessorImpl.java:43)
	at java.lang.reflect.Method.invoke(Method.java:498)
	at org.testng.internal.MethodInvocationHelper.invokeMethod(MethodInvocationHelper.java:80)
	at org.testng.internal.Invoker.invokeMethod(Invoker.java:691)
	at org.testng.internal.Invoker.invokeTestMethod(Invoker.java:883)
	at org.testng.internal.Invoker.invokeTestMethods(Invoker.java:1208)
	at org.testng.internal.TestMethodWorker.invokeTestMethods(TestMethodWorker.java:127)
	at org.testng.internal.TestMethodWorker.run(TestMethodWorker.java:111)
	at java.util.concurrent.ThreadPoolExecutor.runWorker(ThreadPoolExecutor.java:1142)
	at java.util.concurrent.ThreadPoolExecutor$Worker.run(ThreadPoolExecutor.java:617)
	at java.lang.Thread.run(Thread.java:745)
]]>
            </full-stacktrace>
          </exception>
        </test-method>
        <test-method status="PASS" signature="verifyDoesAttributeContainTheExpectedValue_AttributeDoesNotContainValue()[pri:0, instance:unitTests.SeleniumHelperTests@6107165]" name="verifyDoesAttributeContainTheExpectedValue_AttributeDoesNotContainValue" duration-ms="571" started-at="2017-02-22T13:16:09Z" finished-at="2017-02-22T13:16:09Z">
        </test-method>
        <test-method status="PASS" signature="verifyClick_ThrowsException()[pri:0, instance:unitTests.SeleniumHelperTests@6107165]" name="verifyClick_ThrowsException" duration-ms="18" started-at="2017-02-22T13:16:09Z" finished-at="2017-02-22T13:16:09Z">
          <exception class="java.lang.NullPointerException">
            <full-stacktrace>
              <![CDATA[java.lang.NullPointerException
	at seleniumHelper.seleniumHelper.SeleniumHelper.getByValueBasedOnUserInput(SeleniumHelper.java:104)
	at seleniumHelper.seleniumHelper.SeleniumHelper.getElement(SeleniumHelper.java:243)
	at seleniumHelper.seleniumHelper.SeleniumHelper.click(SeleniumHelper.java:359)
	at unitTests.SeleniumHelperTests.verifyClick_ThrowsException(SeleniumHelperTests.java:273)
	at sun.reflect.NativeMethodAccessorImpl.invoke0(Native Method)
	at sun.reflect.NativeMethodAccessorImpl.invoke(NativeMethodAccessorImpl.java:62)
	at sun.reflect.DelegatingMethodAccessorImpl.invoke(DelegatingMethodAccessorImpl.java:43)
	at java.lang.reflect.Method.invoke(Method.java:498)
	at org.testng.internal.MethodInvocationHelper.invokeMethod(MethodInvocationHelper.java:80)
	at org.testng.internal.Invoker.invokeMethod(Invoker.java:691)
	at org.testng.internal.Invoker.invokeTestMethod(Invoker.java:883)
	at org.testng.internal.Invoker.invokeTestMethods(Invoker.java:1208)
	at org.testng.internal.TestMethodWorker.invokeTestMethods(TestMethodWorker.java:127)
	at org.testng.internal.TestMethodWorker.run(TestMethodWorker.java:111)
	at java.util.concurrent.ThreadPoolExecutor.runWorker(ThreadPoolExecutor.java:1142)
	at java.util.concurrent.ThreadPoolExecutor$Worker.run(ThreadPoolExecutor.java:617)
[...]
        </test-method>
        <test-method status="PASS" signature="verifySomeElementIsPresent_ElementNotPresent()[pri:0, instance:unitTests.PageClassTests@11ebb1b6]" name="verifySomeElementIsPresent_ElementNotPresent" duration-ms="10765" started-at="2017-02-22T13:15:37Z" finished-at="2017-02-22T13:15:48Z">
        </test-method>
        <test-method status="PASS" signature="afterScenario()[pri:0, instance:unitTests.PageClassTests@11ebb1b6]" name="afterScenario" is-config="true" duration-ms="86" started-at="2017-02-22T13:15:38Z" finished-at="2017-02-22T13:15:38Z">
        </test-method>
        <test-method status="PASS" signature="afterScenario()[pri:0, instance:unitTests.PageClassTests@11ebb1b6]" name="afterScenario" is-config="true" duration-ms="87" started-at="2017-02-22T13:15:38Z" finished-at="2017-02-22T13:15:38Z">
        </test-method>
        <test-method status="PASS" signature="beforeScenario()[pri:0, instance:unitTests.PageClassTests@11ebb1b6]" name="beforeScenario" is-config="true" duration-ms="2530" started-at="2017-02-22T13:15:38Z" finished-at="2017-02-22T13:15:40Z">
        </test-method>
        <test-method status="PASS" signature="beforeScenario()[pri:0, instance:unitTests.PageClassTests@11ebb1b6]" name="beforeScenario" is-config="true" duration-ms="2081" started-at="2017-02-22T13:15:38Z" finished-at="2017-02-22T13:15:40Z">
        </test-method>
        <test-method status="PASS" signature="verifySomeElementIsPresent_ElementPresent()[pri:0, instance:unitTests.PageClassTests@11ebb1b6]" name="verifySomeElementIsPresent_ElementPresent" duration-ms="539" started-at="2017-02-22T13:15:38Z" finished-at="2017-02-22T13:15:39Z">
        </test-method>
        <test-method status="PASS" signature="afterScenario()[pri:0, instance:unitTests.PageClassTests@11ebb1b6]" name="afterScenario" is-config="true" duration-ms="75" started-at="2017-02-22T13:15:39Z" finished-at="2017-02-22T13:15:39Z">
        </test-method>
        <test-method status="PASS" signature="beforeScenario()[pri:0, instance:unitTests.PageClassTests@11ebb1b6]" name="beforeScenario" is-config="true" duration-ms="2279" started-at="2017-02-22T13:15:39Z" finished-at="2017-02-22T13:15:41Z">
        </test-method>
        <test-method status="PASS" signature="verifySubtractDays_DayStartsWith0()[pri:0, instance:unitTests.PageClassTests@11ebb1b6]" name="verifySubtractDays_DayStartsWith0" duration-ms="3" started-at="2017-02-22T13:15:39Z" finished-at="2017-02-22T13:15:39Z">
        </test-method>
        <test-method status="PASS" signature="verifySomeElementIsPresent_ExceptionThrown()[pri:0, instance:unitTests.PageClassTests@11ebb1b6]" name="verifySomeElementIsPresent_ExceptionThrown" duration-ms="517" started-at="2017-02-22T13:15:39Z" finished-at="2017-02-22T13:15:39Z">
        </test-method>
        <test-method status="PASS" signature="afterScenario()[pri:0, instance:unitTests.PageClassTests@11ebb1b6]" name="afterScenario" is-config="true" duration-ms="71" started-at="2017-02-22T13:15:39Z" finished-at="2017-02-22T13:15:39Z">
        </test-method>
        <test-method status="PASS" signature="beforeScenario()[pri:0, instance:unitTests.PageClassTests@11ebb1b6]" name="beforeScenario" is-config="true" duration-ms="2624" started-at="2017-02-22T13:15:39Z" finished-at="2017-02-22T13:15:42Z">
        </test-method>
        <test-method status="PASS" signature="afterScenario()[pri:0, instance:unitTests.PageClassTests@11ebb1b6]" name="afterScenario" is-config="true" duration-ms="83" started-at="2017-02-22T13:15:39Z" finished-at="2017-02-22T13:15:39Z">
        </test-method>
        <test-method status="PASS" signature="beforeScenario()[pri:0, instance:unitTests.PageClassTests@11ebb1b6]" name="beforeScenario" is-config="true" duration-ms="3303" started-at="2017-02-22T13:15:39Z" finished-at="2017-02-22T13:15:43Z">
        </test-method>
        <test-method status="PASS" signature="verifySubtractDays_IncorrectDateFormat()[pri:0, instance:unitTests.PageClassTests@11ebb1b6]" name="verifySubtractDays_IncorrectDateFormat" duration-ms="2" started-at="2017-02-22T13:15:40Z" finished-at="2017-02-22T13:15:40Z">
        </test-method>
        <test-method status="PASS" signature="afterScenario()[pri:0, instance:unitTests.PageClassTests@11ebb1b6]" name="afterScenario" is-config="true" duration-ms="75" started-at="2017-02-22T13:15:40Z" finished-at="2017-02-22T13:15:40Z">
        </test-method>
        <test-method status="PASS" signature="beforeScenario()[pri:0, instance:unitTests.PageClassTests@11ebb1b6]" name="beforeScenario" is-config="true" duration-ms="2917" started-at="2017-02-22T13:15:40Z" finished-at="2017-02-22T13:15:43Z">
        </test-method>
        <test-method status="PASS" signature="afterScenario()[pri:0, instance:unitTests.PageClassTests@11ebb1b6]" name="afterScenario" is-config="true" duration-ms="75" started-at="2017-02-22T13:15:40Z" finished-at="2017-02-22T13:15:40Z">
        </test-method>
        <test-method status="PASS" signature="beforeScenario()[pri:0, instance:unitTests.PageClassTests@11ebb1b6]" name="beforeScenario" is-config="true" duration-ms="2500" started-at="2017-02-22T13:15:40Z" finished-at="2017-02-22T13:15:42Z">
        </test-method>
        <test-method status="PASS" signature="verifySubtractDays_DayStartsWith1()[pri:0, instance:unitTests.PageClassTests@11ebb1b6]" name="verifySubtractDays_DayStartsWith1" duration-ms="2" started-at="2017-02-22T13:15:40Z" finished-at="2017-02-22T13:15:40Z">
        </test-method>
        <test-method status="PASS" signature="afterScenario()[pri:0, instance:unitTests.PageClassTests@11ebb1b6]" name="afterScenario" is-config="true" duration-ms="73" started-at="2017-02-22T13:15:40Z" finished-at="2017-02-22T13:15:40Z">
        </test-method>
        <test-method status="PASS" signature="beforeScenario()[pri:0, instance:unitTests.PageClassTests@11ebb1b6]" name="beforeScenario" is-config="true" duration-ms="3038" started-at="2017-02-22T13:15:40Z" finished-at="2017-02-22T13:15:43Z">
        </test-method>
        <test-method status="PASS" signature="verifyTextFieldIsBlank_TextFieldIsBlank()[pri:0, instance:unitTests.PageClassTests@11ebb1b6]" name="verifyTextFieldIsBlank_TextFieldIsBlank" duration-ms="532" started-at="2017-02-22T13:15:41Z" finished-at="2017-02-22T13:15:41Z">
        </test-method>
        <test-method status="PASS" signature="afterScenario()[pri:0, instance:unitTests.PageClassTests@11ebb1b6]" name="afterScenario" is-config="true" duration-ms="76" started-at="2017-02-22T13:15:41Z" finished-at="2017-02-22T13:15:41Z">
        </test-method>
        <test-method status="PASS" signature="beforeScenario()[pri:0, instance:unitTests.PageClassTests@11ebb1b6]" name="beforeScenario" is-config="true" duration-ms="2803" started-at="2017-02-22T13:15:41Z" finished-at="2017-02-22T13:15:44Z">
        </test-method>
        <test-method status="PASS" signature="afterScenario()[pri:0, instance:unitTests.PageClassTests@11ebb1b6]" name="afterScenario" is-config="true" duration-ms="78" started-at="2017-02-22T13:15:41Z" finished-at="2017-02-22T13:15:42Z">
        </test-method>
        <test-method status="PASS" signature="verifyTextFieldIsBlank_TextFieldIsNotBlank()[pri:0, instance:unitTests.PageClassTests@11ebb1b6]" name="verifyTextFieldIsBlank_TextFieldIsNotBlank" duration-ms="1273" started-at="2017-02-22T13:15:42Z" finished-at="2017-02-22T13:15:43Z">
        </test-method>
        <test-method status="PASS" signature="beforeScenario()[pri:0, instance:unitTests.PageClassTests@11ebb1b6]" name="beforeScenario" is-config="true" duration-ms="3020" started-at="2017-02-22T13:15:42Z" finished-at="2017-02-22T13:15:45Z">
        </test-method>
        <test-method status="PASS" signature="verifyTextInTextField_DoesntContainInvalidChar_RemoveAllSpacesFalse_TextIsNotPresent()[pri:0, instance:unitTests.PageClassTests@11ebb1b6]" name="verifyTextInTextField_DoesntContainInvalidChar_RemoveAllSpacesFalse_TextIsNotPresent" duration-ms="548" started-at="2017-02-22T13:15:42Z" finished-at="2017-02-22T13:15:43Z">
        </test-method>
        <test-method status="PASS" signature="verifyTextFieldIsBlank_ThrowsException()[pri:0, instance:unitTests.PageClassTests@11ebb1b6]" name="verifyTextFieldIsBlank_ThrowsException" duration-ms="599" started-at="2017-02-22T13:15:43Z" finished-at="2017-02-22T13:15:43Z">
        </test-method>
        <test-method status="PASS" signature="verifyTextInTextField_ContainsInvalidChar_RemoveAllSpacesFalse_TextIsPresent()[pri:0, instance:unitTests.PageClassTests@11ebb1b6]" name="verifyTextInTextField_ContainsInvalidChar_RemoveAllSpacesFalse_TextIsPresent" duration-ms="1425" started-at="2017-02-22T13:15:43Z" finished-at="2017-02-22T13:15:44Z">
        </test-method>
        <test-method status="PASS" signature="afterScenario()[pri:0, instance:unitTests.PageClassTests@11ebb1b6]" name="afterScenario" is-config="true" duration-ms="75" started-at="2017-02-22T13:15:43Z" finished-at="2017-02-22T13:15:43Z">
        </test-method>
        <test-method status="PASS" signature="beforeScenario()[pri:0, instance:unitTests.PageClassTests@11ebb1b6]" name="beforeScenario" is-config="true" duration-ms="3027" started-at="2017-02-22T13:15:43Z" finished-at="2017-02-22T13:15:46Z">
        </test-method>
        <test-method status="PASS" signature="afterScenario()[pri:0, instance:unitTests.PageClassTests@11ebb1b6]" name="afterScenario" is-config="true" duration-ms="73" started-at="2017-02-22T13:15:43Z" finished-at="2017-02-22T13:15:43Z">
        </test-method>
        <test-method status="PASS" signature="beforeScenario()[pri:0, instance:unitTests.PageClassTests@11ebb1b6]" name="beforeScenario" is-config="true" duration-ms="2874" started-at="2017-02-22T13:15:43Z" finished-at="2017-02-22T13:15:46Z">
        </test-method>
        <test-method status="PASS" signature="verifyTextInTextField_DoesntContainInvalidChar_RemoveAllSpacesTrue_TextIsPresent()[pri:0, instance:unitTests.PageClassTests@11ebb1b6]" name="verifyTextInTextField_DoesntContainInvalidChar_RemoveAllSpacesTrue_TextIsPresent" duration-ms="563" started-at="2017-02-22T13:15:43Z" finished-at="2017-02-22T13:15:44Z">
        </test-method>
        <test-method status="PASS" signature="afterScenario()[pri:0, instance:unitTests.PageClassTests@11ebb1b6]" name="afterScenario" is-config="true" duration-ms="73" started-at="2017-02-22T13:15:43Z" finished-at="2017-02-22T13:15:43Z">
        </test-method>
        <test-method status="PASS" signature="beforeScenario()[pri:0, instance:unitTests.PageClassTests@11ebb1b6]" name="beforeScenario" is-config="true" duration-ms="3197" started-at="2017-02-22T13:15:43Z" finished-at="2017-02-22T13:15:47Z">
        </test-method>
        <test-method status="PASS" signature="afterScenario()[pri:0, instance:unitTests.PageClassTests@11ebb1b6]" name="afterScenario" is-config="true" duration-ms="126" started-at="2017-02-22T13:15:44Z" finished-at="2017-02-22T13:15:44Z">
        </test-method>
        <test-method status="PASS" signature="beforeScenario()[pri:0, instance:unitTests.PageClassTests@11ebb1b6]" name="beforeScenario" is-config="true" duration-ms="2997" started-at="2017-02-22T13:15:44Z" finished-at="2017-02-22T13:15:47Z">
        </test-method>
        <test-method status="PASS" signature="verifyTextInTextField_ExceptionThrown()[pri:0, instance:unitTests.PageClassTests@11ebb1b6]" name="verifyTextInTextField_ExceptionThrown" duration-ms="554" started-at="2017-02-22T13:15:44Z" finished-at="2017-02-22T13:15:45Z">
        </test-method>
        <test-method status="PASS" signature="afterScenario()[pri:0, instance:unitTests.PageClassTests@11ebb1b6]" name="afterScenario" is-config="true" duration-ms="72" started-at="2017-02-22T13:15:44Z" finished-at="2017-02-22T13:15:44Z">
        </test-method>
        <test-method status="PASS" signature="beforeScenario()[pri:0, instance:unitTests.PageClassTests@11ebb1b6]" name="beforeScenario" is-config="true" duration-ms="2910" started-at="2017-02-22T13:15:44Z" finished-at="2017-02-22T13:15:47Z">
        </test-method>
        <test-method status="PASS" signature="verifyTheActualValueDoesntContainExpectedValue()[pri:0, instance:unitTests.PageClassTests@11ebb1b6]" name="verifyTheActualValueDoesntContainExpectedValue" duration-ms="1" started-at="2017-02-22T13:15:45Z" finished-at="2017-02-22T13:15:45Z">
        </test-method>
        <test-method status="PASS" signature="afterScenario()[pri:0, instance:unitTests.PageClassTests@11ebb1b6]" name="afterScenario" is-config="true" duration-ms="73" started-at="2017-02-22T13:15:45Z" finished-at="2017-02-22T13:15:45Z">
        </test-method>
        <test-method status="PASS" signature="beforeScenario()[pri:0, instance:unitTests.PageClassTests@11ebb1b6]" name="beforeScenario" is-config="true" duration-ms="2407" started-at="2017-02-22T13:15:45Z" finished-at="2017-02-22T13:15:47Z">
        </test-method>
        <test-method status="PASS" signature="afterScenario()[pri:0, instance:unitTests.PageClassTests@11ebb1b6]" name="afterScenario" is-config="true" duration-ms="75" started-at="2017-02-22T13:15:45Z" finished-at="2017-02-22T13:15:45Z">
        </test-method>
        <test-method status="PASS" signature="beforeScenario()[pri:0, instance:unitTests.PageClassTests@11ebb1b6]" name="beforeScenario" is-config="true" duration-ms="2280" started-at="2017-02-22T13:15:45Z" finished-at="2017-02-22T13:15:47Z">
        </test-method>
        <test-method status="PASS" signature="verifyTheActualValueDoesntMatchExpectedValue()[pri:0, instance:unitTests.PageClassTests@11ebb1b6]" name="verifyTheActualValueDoesntMatchExpectedValue" duration-ms="2" started-at="2017-02-22T13:15:46Z" finished-at="2017-02-22T13:15:46Z">
        </test-method>
        <test-method status="PASS" signature="afterScenario()[pri:0, instance:unitTests.PageClassTests@11ebb1b6]" name="afterScenario" is-config="true" duration-ms="74" started-at="2017-02-22T13:15:46Z" finished-at="2017-02-22T13:15:46Z">
        </test-method>
        <test-method status="PASS" signature="verifyTheActualValueNull_contains()[pri:0, instance:unitTests.PageClassTests@11ebb1b6]" name="verifyTheActualValueNull_contains" duration-ms="2" started-at="2017-02-22T13:15:46Z" finished-at="2017-02-22T13:15:46Z">
        </test-method>
        <test-method status="PASS" signature="afterScenario()[pri:0, instance:unitTests.PageClassTests@11ebb1b6]" name="afterScenario" is-config="true" duration-ms="72" started-at="2017-02-22T13:15:46Z" finished-at="2017-02-22T13:15:46Z">
        </test-method>
        <test-method status="PASS" signature="verifyTheActualValueNull_exactMatch()[pri:0, instance:unitTests.PageClassTests@11ebb1b6]" name="verifyTheActualValueNull_exactMatch" duration-ms="1" started-at="2017-02-22T13:15:47Z" finished-at="2017-02-22T13:15:47Z">
        </test-method>
        <test-method status="PASS" signature="afterScenario()[pri:0, instance:unitTests.PageClassTests@11ebb1b6]" name="afterScenario" is-config="true" duration-ms="70" started-at="2017-02-22T13:15:47Z" finished-at="2017-02-22T13:15:47Z">
        </test-method>
        <test-method status="PASS" signature="verifyTheExpectedValueContainsTheActualValue()[pri:0, instance:unitTests.PageClassTests@11ebb1b6]" name="verifyTheExpectedValueContainsTheActualValue" duration-ms="1" started-at="2017-02-22T13:15:47Z" finished-at="2017-02-22T13:15:47Z">
        </test-method>
        <test-method status="PASS" signature="afterScenario()[pri:0, instance:unitTests.PageClassTests@11ebb1b6]" name="afterScenario" is-config="true" duration-ms="78" started-at="2017-02-22T13:15:47Z" finished-at="2017-02-22T13:15:47Z">
        </test-method>
        <test-method status="PASS" signature="verifyTheExpectedValueNull_contains()[pri:0, instance:unitTests.PageClassTests@11ebb1b6]" name="verifyTheExpectedValueNull_contains" duration-ms="2" started-at="2017-02-22T13:15:47Z" finished-at="2017-02-22T13:15:47Z">
        </test-method>
        <test-method status="PASS" signature="afterScenario()[pri:0, instance:unitTests.PageClassTests@11ebb1b6]" name="afterScenario" is-config="true" duration-ms="73" started-at="2017-02-22T13:15:47Z" finished-at="2017-02-22T13:15:47Z">
        </test-method>
        <test-method status="PASS" signature="verifyTheExpectedValueNull_exactMatch()[pri:0, instance:unitTests.PageClassTests@11ebb1b6]" name="verifyTheExpectedValueNull_exactMatch" duration-ms="2" started-at="2017-02-22T13:15:47Z" finished-at="2017-02-22T13:15:47Z">
        </test-method>
        <test-method status="PASS" signature="afterScenario()[pri:0, instance:unitTests.PageClassTests@11ebb1b6]" name="afterScenario" is-config="true" duration-ms="69" started-at="2017-02-22T13:15:47Z" finished-at="2017-02-22T13:15:47Z">
        </test-method>
        <test-method status="PASS" signature="verifyTheExpectedValueMatchesTheActualValue()[pri:0, instance:unitTests.PageClassTests@11ebb1b6]" name="verifyTheExpectedValueMatchesTheActualValue" duration-ms="1" started-at="2017-02-22T13:15:47Z" finished-at="2017-02-22T13:15:47Z">
        </test-method>
        <test-method status="PASS" signature="afterScenario()[pri:0, instance:unitTests.PageClassTests@11ebb1b6]" name="afterScenario" is-config="true" duration-ms="69" started-at="2017-02-22T13:15:47Z" finished-at="2017-02-22T13:15:47Z">
        </test-method>
        <test-method status="PASS" signature="afterScenario()[pri:0, instance:unitTests.PageClassTests@11ebb1b6]" name="afterScenario" is-config="true" duration-ms="69" started-at="2017-02-22T13:15:48Z" finished-at="2017-02-22T13:15:48Z">
        </test-method>
      </class>
      <class name="unitTests.UtilsTests">
        <test-method status="PASS" signature="verifyGetTimeStamp()[pri:0, instance:unitTests.UtilsTests@164a62bf]" name="verifyGetTimeStamp" duration-ms="2" started-at="2017-02-22T13:16:58Z" finished-at="2017-02-22T13:16:58Z">
        </test-method>
        <test-method status="PASS" signature="verifyFrameworkConstants()[pri:0, instance:unitTests.UtilsTests@164a62bf]" name="verifyFrameworkConstants" duration-ms="1" started-at="2017-02-22T13:16:58Z" finished-at="2017-02-22T13:16:58Z">
        </test-method>
        <test-method status="PASS" signature="verifyTotalPassPercentage_TotalPassEqualToTotalTestCase()[pri:0, instance:unitTests.UtilsTests@164a62bf]" name="verifyTotalPassPercentage_TotalPassEqualToTotalTestCase" duration-ms="1" started-at="2017-02-22T13:16:58Z" finished-at="2017-02-22T13:16:58Z">
        </test-method>
        <test-method status="PASS" signature="verifyTotalPassPercentage_TotalPassNotEqualToTotalTestCase()[pri:0, instance:unitTests.UtilsTests@164a62bf]" name="verifyTotalPassPercentage_TotalPassNotEqualToTotalTestCase" duration-ms="1" started-at="2017-02-22T13:16:58Z" finished-at="2017-02-22T13:16:58Z">
        </test-method>
        <test-method status="PASS" signature="verifyGetTotalPassNumber_TotalFailsEqualsZero()[pri:0, instance:unitTests.UtilsTests@164a62bf]" name="verifyGetTotalPassNumber_TotalFailsEqualsZero" duration-ms="1" started-at="2017-02-22T13:16:58Z" finished-at="2017-02-22T13:16:58Z">
        </test-method>
        <test-method status="PASS" signature="verifyEncryptAndDecrypt()[pri:0, instance:unitTests.UtilsTests@164a62bf]" name="verifyEncryptAndDecrypt" duration-ms="90" started-at="2017-02-22T13:16:58Z" finished-at="2017-02-22T13:16:58Z">
        </test-method>
        <test-method status="PASS" signature="verifyGetTotalPassNumber_TotalFailsNotZero()[pri:0, instance:unitTests.UtilsTests@164a62bf]" name="verifyGetTotalPassNumber_TotalFailsNotZero" duration-ms="2" started-at="2017-02-22T13:16:58Z" finished-at="2017-02-22T13:16:58Z">
        </test-method>
        <test-method status="PASS" signature="verifyTestSettings()[pri:0, instance:unitTests.UtilsTests@164a62bf]" name="verifyTestSettings" duration-ms="2" started-at="2017-02-22T13:16:58Z" finished-at="2017-02-22T13:16:58Z">
        </test-method>
      </class>
    </test>
  </suite>
</testng-results>
